\BOOKMARK [1][-]{section*.2}{\376\377\004\022\004\062\004\065\004\064\004\065\004\075\004\070\004\065}{}% 1
\BOOKMARK [1][-]{section.1}{\376\377\004\020\004\075\004\060\004\073\004\070\004\102\004\070\004\107\004\065\004\101\004\072\004\060\004\117\000\040\004\107\004\060\004\101\004\102\004\114}{}% 2
\BOOKMARK [2][-]{subsection.1.1}{\376\377\004\044\004\076\004\100\004\074\004\060\004\073\004\070\004\067\004\060\004\106\004\070\004\117\000\040\004\067\004\060\004\064\004\060\004\107\004\070}{section.1}% 3
\BOOKMARK [2][-]{subsection.1.2}{\376\377\004\036\004\061\004\111\004\070\004\065\000\040\004\101\004\062\004\065\004\064\004\065\004\075\004\070\004\117\000\040\004\076\000\040\004\021\004\024\000\040\004\041\004\043\004\021\004\024}{section.1}% 4
\BOOKMARK [2][-]{subsection.1.3}{\376\377\004\042\004\070\004\077\004\113\000\040\004\021\004\024}{section.1}% 5
\BOOKMARK [3][-]{subsubsection.1.3.1}{\376\377\004\030\004\065\004\100\004\060\004\100\004\105\004\070\004\107\004\065\004\101\004\072\004\060\004\117\000\040\004\074\004\076\004\064\004\065\004\073\004\114\000\040\004\021\004\024}{subsection.1.3}% 6
\BOOKMARK [3][-]{subsubsection.1.3.2}{\376\377\004\041\004\065\004\102\004\065\004\062\004\060\004\117\000\040\004\074\004\076\004\064\004\065\004\073\004\114}{subsection.1.3}% 7
\BOOKMARK [3][-]{subsubsection.1.3.3}{\376\377\004\040\004\065\004\073\004\117\004\106\004\070\004\076\004\075\004\075\004\060\004\117\000\040\004\074\004\076\004\064\004\065\004\073\004\114}{subsection.1.3}% 8
\BOOKMARK [3][-]{subsubsection.1.3.4}{\376\377\004\041\004\100\004\060\004\062\004\075\004\065\004\075\004\070\004\065\000\040\004\074\004\076\004\064\004\065\004\073\004\065\004\071}{subsection.1.3}% 9
\BOOKMARK [2][-]{subsection.1.4}{\376\377\004\041\004\043\004\021\004\024}{section.1}% 10
\BOOKMARK [2][-]{subsection.1.5}{\376\377\000F\000r\000a\000m\000e\000w\000o\000r\000k}{section.1}% 11
\BOOKMARK [2][-]{subsection.1.6}{\376\377\004\022\004\113\004\062\004\076\004\064}{section.1}% 12
\BOOKMARK [1][-]{section.2}{\376\377\004\032\004\076\004\075\004\101\004\102\004\100\004\103\004\072\004\102\004\076\004\100\004\101\004\072\004\060\004\117\000\040\004\107\004\060\004\101\004\102\004\114}{}% 13
\BOOKMARK [2][-]{subsection.2.1}{\376\377\004\037\004\100\004\076\004\065\004\072\004\102\004\070\004\100\004\076\004\062\004\060\004\075\004\070\004\065\000\040\004\102\004\060\004\061\004\073\004\070\004\106\000\040\004\061\004\060\004\067\004\113\000\040\004\064\004\060\004\075\004\075\004\113\004\105}{section.2}% 14
\BOOKMARK [2][-]{subsection.2.2}{\376\377\004\037\004\100\004\076\004\065\004\072\004\102\004\070\004\100\004\076\004\062\004\060\004\075\004\070\004\065\000\040\004\101\004\070\004\101\004\102\004\065\004\074\004\113\000\040\004\070\004\067\004\074\004\065\004\075\004\065\004\075\004\070\004\117\000\040\004\064\004\060\004\075\004\075\004\113\004\105}{section.2}% 15
\BOOKMARK [2][-]{subsection.2.3}{\376\377\004\037\004\100\004\076\004\065\004\072\004\102\004\070\004\100\004\076\004\062\004\060\004\075\004\070\004\065\000\040\004\100\004\065\004\063\004\070\004\101\004\102\004\100\004\060\004\106\004\070\004\070\000\040\004\070\000\040\004\060\004\103\004\102\004\065\004\075\004\102\004\070\004\104\004\070\004\072\004\060\004\106\004\070\004\070\000\040\004\077\004\076\004\073\004\114\004\067\004\076\004\062\004\060\004\102\004\065\004\073\004\117}{section.2}% 16
\BOOKMARK [2][-]{subsection.2.4}{\376\377\004\022\004\113\004\062\004\076\004\064}{section.2}% 17
\BOOKMARK [1][-]{section.3}{\376\377\004\042\004\065\004\105\004\075\004\076\004\073\004\076\004\063\004\070\004\107\004\065\004\101\004\072\004\060\004\117\000\040\004\107\004\060\004\101\004\102\004\114}{}% 18
\BOOKMARK [2][-]{subsection.3.1}{\376\377\004\022\004\113\004\061\004\076\004\100\000\040\004\070\004\075\004\101\004\102\004\100\004\103\004\074\004\065\004\075\004\102\004\076\004\062\000\040\004\100\004\060\004\067\004\100\004\060\004\061\004\076\004\102\004\072\004\070}{section.3}% 19
\BOOKMARK [2][-]{subsection.3.2}{\376\377\004\040\004\065\004\060\004\073\004\070\004\067\004\060\004\106\004\070\004\117\000\040\004\105\004\100\004\060\004\075\004\065\004\075\004\070\004\117\000\040\004\064\004\060\004\075\004\075\004\113\004\105}{section.3}% 20
\BOOKMARK [2][-]{subsection.3.3}{\376\377\004\040\004\065\004\060\004\073\004\070\004\067\004\060\004\106\004\070\004\117\000\040\004\064\004\076\004\101\004\102\004\103\004\077\004\060\000\040\004\072\000\040\004\064\004\060\004\075\004\075\004\113\004\074}{section.3}% 21
\BOOKMARK [2][-]{subsection.3.4}{\376\377\000F\000r\000o\000n\000t\000e\000n\000d\000-\004\100\004\060\004\067\004\100\004\060\004\061\004\076\004\102\004\072\004\060}{section.3}% 22
\BOOKMARK [2][-]{subsection.3.5}{\376\377\004\030\004\075\004\102\004\065\004\100\004\104\004\065\004\071\004\101\000\040\004\077\004\100\004\070\004\073\004\076\004\066\004\065\004\075\004\070\004\117}{section.3}% 23
\BOOKMARK [1][-]{section*.11}{\376\377\004\027\004\060\004\072\004\073\004\116\004\107\004\065\004\075\004\070\004\065}{}% 24
\BOOKMARK [1][-]{section*.12}{\376\377\004\041\004\077\004\070\004\101\004\076\004\072\000\040\004\070\004\101\004\077\004\076\004\073\004\114\004\067\004\076\004\062\004\060\004\075\004\075\004\113\004\105\000\040\004\070\004\101\004\102\004\076\004\107\004\075\004\070\004\072\004\076\004\062}{}% 25
