This is pdfTeX, Version 3.14159265-2.6-1.40.20 (TeX Live 2019) (preloaded format=pdflatex 2019.9.7)  20 SEP 2019 22:50
entering extended mode
 restricted \write18 enabled.
 file:line:error style messages enabled.
 %&-line parsing enabled.
**main1.tex
(./main1.tex
LaTeX2e <2018-12-01>
(/usr/local/texlive/2019/texmf-dist/tex/latex/base/article.cls
Document Class: article 2018/09/03 v1.4i Standard LaTeX document class
(/usr/local/texlive/2019/texmf-dist/tex/latex/base/size12.clo
File: size12.clo 2018/09/03 v1.4i Standard LaTeX file (size option)
)
\c@part=\count80
\c@section=\count81
\c@subsection=\count82
\c@subsubsection=\count83
\c@paragraph=\count84
\c@subparagraph=\count85
\c@figure=\count86
\c@table=\count87
\abovecaptionskip=\skip41
\belowcaptionskip=\skip42
\bibindent=\dimen102
)
(/usr/local/texlive/2019/texmf-dist/tex/latex/base/inputenc.sty
Package: inputenc 2018/08/11 v1.3c Input encoding file
\inpenc@prehook=\toks14
\inpenc@posthook=\toks15
)
(/usr/local/texlive/2019/texmf-dist/tex/latex/base/fontenc.sty
Package: fontenc 2018/08/11 v2.0j Standard LaTeX package

(/usr/local/texlive/2019/texmf-dist/tex/latex/cyrillic/t2aenc.def
File: t2aenc.def 2005/09/27 v1.0i Cyrillic encoding definition file
Now handling font encoding T2A ...
... processing UTF-8 mapping file for font encoding T2A

(/usr/local/texlive/2019/texmf-dist/tex/latex/base/t2aenc.dfu
File: t2aenc.dfu 2018/10/05 v1.2f UTF-8 support for inputenc
   defining Unicode char U+00A4 (decimal 164)
   defining Unicode char U+00A7 (decimal 167)
   defining Unicode char U+00AB (decimal 171)
   defining Unicode char U+00BB (decimal 187)
   defining Unicode char U+0131 (decimal 305)
   defining Unicode char U+0237 (decimal 567)
   defining Unicode char U+0400 (decimal 1024)
   defining Unicode char U+0401 (decimal 1025)
   defining Unicode char U+0402 (decimal 1026)
   defining Unicode char U+0403 (decimal 1027)
   defining Unicode char U+0404 (decimal 1028)
   defining Unicode char U+0405 (decimal 1029)
   defining Unicode char U+0406 (decimal 1030)
   defining Unicode char U+0407 (decimal 1031)
   defining Unicode char U+0408 (decimal 1032)
   defining Unicode char U+0409 (decimal 1033)
   defining Unicode char U+040A (decimal 1034)
   defining Unicode char U+040B (decimal 1035)
   defining Unicode char U+040C (decimal 1036)
   defining Unicode char U+040D (decimal 1037)
   defining Unicode char U+040E (decimal 1038)
   defining Unicode char U+040F (decimal 1039)
   defining Unicode char U+0410 (decimal 1040)
   defining Unicode char U+0411 (decimal 1041)
   defining Unicode char U+0412 (decimal 1042)
   defining Unicode char U+0413 (decimal 1043)
   defining Unicode char U+0414 (decimal 1044)
   defining Unicode char U+0415 (decimal 1045)
   defining Unicode char U+0416 (decimal 1046)
   defining Unicode char U+0417 (decimal 1047)
   defining Unicode char U+0418 (decimal 1048)
   defining Unicode char U+0419 (decimal 1049)
   defining Unicode char U+041A (decimal 1050)
   defining Unicode char U+041B (decimal 1051)
   defining Unicode char U+041C (decimal 1052)
   defining Unicode char U+041D (decimal 1053)
   defining Unicode char U+041E (decimal 1054)
   defining Unicode char U+041F (decimal 1055)
   defining Unicode char U+0420 (decimal 1056)
   defining Unicode char U+0421 (decimal 1057)
   defining Unicode char U+0422 (decimal 1058)
   defining Unicode char U+0423 (decimal 1059)
   defining Unicode char U+0424 (decimal 1060)
   defining Unicode char U+0425 (decimal 1061)
   defining Unicode char U+0426 (decimal 1062)
   defining Unicode char U+0427 (decimal 1063)
   defining Unicode char U+0428 (decimal 1064)
   defining Unicode char U+0429 (decimal 1065)
   defining Unicode char U+042A (decimal 1066)
   defining Unicode char U+042B (decimal 1067)
   defining Unicode char U+042C (decimal 1068)
   defining Unicode char U+042D (decimal 1069)
   defining Unicode char U+042E (decimal 1070)
   defining Unicode char U+042F (decimal 1071)
   defining Unicode char U+0430 (decimal 1072)
   defining Unicode char U+0431 (decimal 1073)
   defining Unicode char U+0432 (decimal 1074)
   defining Unicode char U+0433 (decimal 1075)
   defining Unicode char U+0434 (decimal 1076)
   defining Unicode char U+0435 (decimal 1077)
   defining Unicode char U+0436 (decimal 1078)
   defining Unicode char U+0437 (decimal 1079)
   defining Unicode char U+0438 (decimal 1080)
   defining Unicode char U+0439 (decimal 1081)
   defining Unicode char U+043A (decimal 1082)
   defining Unicode char U+043B (decimal 1083)
   defining Unicode char U+043C (decimal 1084)
   defining Unicode char U+043D (decimal 1085)
   defining Unicode char U+043E (decimal 1086)
   defining Unicode char U+043F (decimal 1087)
   defining Unicode char U+0440 (decimal 1088)
   defining Unicode char U+0441 (decimal 1089)
   defining Unicode char U+0442 (decimal 1090)
   defining Unicode char U+0443 (decimal 1091)
   defining Unicode char U+0444 (decimal 1092)
   defining Unicode char U+0445 (decimal 1093)
   defining Unicode char U+0446 (decimal 1094)
   defining Unicode char U+0447 (decimal 1095)
   defining Unicode char U+0448 (decimal 1096)
   defining Unicode char U+0449 (decimal 1097)
   defining Unicode char U+044A (decimal 1098)
   defining Unicode char U+044B (decimal 1099)
   defining Unicode char U+044C (decimal 1100)
   defining Unicode char U+044D (decimal 1101)
   defining Unicode char U+044E (decimal 1102)
   defining Unicode char U+044F (decimal 1103)
   defining Unicode char U+0450 (decimal 1104)
   defining Unicode char U+0451 (decimal 1105)
   defining Unicode char U+0452 (decimal 1106)
   defining Unicode char U+0453 (decimal 1107)
   defining Unicode char U+0454 (decimal 1108)
   defining Unicode char U+0455 (decimal 1109)
   defining Unicode char U+0456 (decimal 1110)
   defining Unicode char U+0457 (decimal 1111)
   defining Unicode char U+0458 (decimal 1112)
   defining Unicode char U+0459 (decimal 1113)
   defining Unicode char U+045A (decimal 1114)
   defining Unicode char U+045B (decimal 1115)
   defining Unicode char U+045C (decimal 1116)
   defining Unicode char U+045D (decimal 1117)
   defining Unicode char U+045E (decimal 1118)
   defining Unicode char U+045F (decimal 1119)
   defining Unicode char U+0490 (decimal 1168)
   defining Unicode char U+0491 (decimal 1169)
   defining Unicode char U+0492 (decimal 1170)
   defining Unicode char U+0493 (decimal 1171)
   defining Unicode char U+0496 (decimal 1174)
   defining Unicode char U+0497 (decimal 1175)
   defining Unicode char U+0498 (decimal 1176)
   defining Unicode char U+0499 (decimal 1177)
   defining Unicode char U+049A (decimal 1178)
   defining Unicode char U+049B (decimal 1179)
   defining Unicode char U+049C (decimal 1180)
   defining Unicode char U+049D (decimal 1181)
   defining Unicode char U+04A0 (decimal 1184)
   defining Unicode char U+04A1 (decimal 1185)
   defining Unicode char U+04A2 (decimal 1186)
   defining Unicode char U+04A3 (decimal 1187)
   defining Unicode char U+04A4 (decimal 1188)
   defining Unicode char U+04A5 (decimal 1189)
   defining Unicode char U+04AA (decimal 1194)
   defining Unicode char U+04AB (decimal 1195)
   defining Unicode char U+04AE (decimal 1198)
   defining Unicode char U+04AF (decimal 1199)
   defining Unicode char U+04B0 (decimal 1200)
   defining Unicode char U+04B1 (decimal 1201)
   defining Unicode char U+04B2 (decimal 1202)
   defining Unicode char U+04B3 (decimal 1203)
   defining Unicode char U+04B6 (decimal 1206)
   defining Unicode char U+04B7 (decimal 1207)
   defining Unicode char U+04B8 (decimal 1208)
   defining Unicode char U+04B9 (decimal 1209)
   defining Unicode char U+04BA (decimal 1210)
   defining Unicode char U+04BB (decimal 1211)
   defining Unicode char U+04C0 (decimal 1216)
   defining Unicode char U+04C1 (decimal 1217)
   defining Unicode char U+04C2 (decimal 1218)
   defining Unicode char U+04D0 (decimal 1232)
   defining Unicode char U+04D1 (decimal 1233)
   defining Unicode char U+04D2 (decimal 1234)
   defining Unicode char U+04D3 (decimal 1235)
   defining Unicode char U+04D4 (decimal 1236)
   defining Unicode char U+04D5 (decimal 1237)
   defining Unicode char U+04D6 (decimal 1238)
   defining Unicode char U+04D7 (decimal 1239)
   defining Unicode char U+04D8 (decimal 1240)
   defining Unicode char U+04D9 (decimal 1241)
   defining Unicode char U+04DA (decimal 1242)
   defining Unicode char U+04DB (decimal 1243)
   defining Unicode char U+04DC (decimal 1244)
   defining Unicode char U+04DD (decimal 1245)
   defining Unicode char U+04DE (decimal 1246)
   defining Unicode char U+04DF (decimal 1247)
   defining Unicode char U+04E2 (decimal 1250)
   defining Unicode char U+04E3 (decimal 1251)
   defining Unicode char U+04E4 (decimal 1252)
   defining Unicode char U+04E5 (decimal 1253)
   defining Unicode char U+04E6 (decimal 1254)
   defining Unicode char U+04E7 (decimal 1255)
   defining Unicode char U+04E8 (decimal 1256)
   defining Unicode char U+04E9 (decimal 1257)
   defining Unicode char U+04EC (decimal 1260)
   defining Unicode char U+04ED (decimal 1261)
   defining Unicode char U+04EE (decimal 1262)
   defining Unicode char U+04EF (decimal 1263)
   defining Unicode char U+04F0 (decimal 1264)
   defining Unicode char U+04F1 (decimal 1265)
   defining Unicode char U+04F2 (decimal 1266)
   defining Unicode char U+04F3 (decimal 1267)
   defining Unicode char U+04F4 (decimal 1268)
   defining Unicode char U+04F5 (decimal 1269)
   defining Unicode char U+04F8 (decimal 1272)
   defining Unicode char U+04F9 (decimal 1273)
   defining Unicode char U+200C (decimal 8204)
   defining Unicode char U+2013 (decimal 8211)
   defining Unicode char U+2014 (decimal 8212)
   defining Unicode char U+2018 (decimal 8216)
   defining Unicode char U+2019 (decimal 8217)
   defining Unicode char U+201C (decimal 8220)
   defining Unicode char U+201D (decimal 8221)
   defining Unicode char U+201E (decimal 8222)
   defining Unicode char U+2030 (decimal 8240)
   defining Unicode char U+2031 (decimal 8241)
   defining Unicode char U+2116 (decimal 8470)
   defining Unicode char U+2329 (decimal 9001)
   defining Unicode char U+232A (decimal 9002)
   defining Unicode char U+2423 (decimal 9251)
))
LaTeX Font Info:    Try loading font information for T2A+cmr on input line 105.


(/usr/local/texlive/2019/texmf-dist/tex/latex/cyrillic/t2acmr.fd
File: t2acmr.fd 2001/08/11 v1.0a Computer Modern Cyrillic font definitions
))
(/usr/local/texlive/2019/texmf-dist/tex/generic/babel/babel.sty
Package: babel 2019/05/04 3.31 The Babel package

(/usr/local/texlive/2019/texmf-dist/tex/generic/babel/switch.def
File: switch.def 2019/05/04 3.31 Babel switching mechanism
)
(/usr/local/texlive/2019/texmf-dist/tex/generic/babel-english/english.ldf
Language: english 2017/06/06 v3.3r English support from the babel system

(/usr/local/texlive/2019/texmf-dist/tex/generic/babel/babel.def
File: babel.def 2019/05/04 3.31 Babel common definitions
\babel@savecnt=\count88
\U@D=\dimen103

(/usr/local/texlive/2019/texmf-dist/tex/generic/babel/txtbabel.def)
\bbl@dirlevel=\count89
)
\l@canadian = a dialect from \language\l@american 
\l@australian = a dialect from \language\l@british 
\l@newzealand = a dialect from \language\l@british 
)
(/usr/local/texlive/2019/texmf-dist/tex/generic/babel-russian/russianb.ldf
Language: russian 2017/08/12 1.3j Russian support for the Babel system
Package babel Info: Making " an active character on input line 120.
Package babel Info: Default for \cyrdash is provided on input line 157.
))
(/usr/local/texlive/2019/texmf-dist/tex/latex/natbib/natbib.sty
Package: natbib 2010/09/13 8.31b (PWD, AO)
\bibhang=\skip43
\bibsep=\skip44
LaTeX Info: Redefining \cite on input line 694.
\c@NAT@ctr=\count90
)
(/usr/local/texlive/2019/texmf-dist/tex/latex/graphics/graphicx.sty
Package: graphicx 2017/06/01 v1.1a Enhanced LaTeX Graphics (DPC,SPQR)

(/usr/local/texlive/2019/texmf-dist/tex/latex/graphics/keyval.sty
Package: keyval 2014/10/28 v1.15 key=value parser (DPC)
\KV@toks@=\toks16
)
(/usr/local/texlive/2019/texmf-dist/tex/latex/graphics/graphics.sty
Package: graphics 2017/06/25 v1.2c Standard LaTeX Graphics (DPC,SPQR)

(/usr/local/texlive/2019/texmf-dist/tex/latex/graphics/trig.sty
Package: trig 2016/01/03 v1.10 sin cos tan (DPC)
)
(/usr/local/texlive/2019/texmf-dist/tex/latex/graphics-cfg/graphics.cfg
File: graphics.cfg 2016/06/04 v1.11 sample graphics configuration
)
Package graphics Info: Driver file: pdftex.def on input line 99.

(/usr/local/texlive/2019/texmf-dist/tex/latex/graphics-def/pdftex.def
File: pdftex.def 2018/01/08 v1.0l Graphics/color driver for pdftex
))
\Gin@req@height=\dimen104
\Gin@req@width=\dimen105
)
(/usr/local/texlive/2019/texmf-dist/tex/latex/amsmath/amsmath.sty
Package: amsmath 2018/12/01 v2.17b AMS math features
\@mathmargin=\skip45

For additional information on amsmath, use the `?' option.
(/usr/local/texlive/2019/texmf-dist/tex/latex/amsmath/amstext.sty
Package: amstext 2000/06/29 v2.01 AMS text

(/usr/local/texlive/2019/texmf-dist/tex/latex/amsmath/amsgen.sty
File: amsgen.sty 1999/11/30 v2.0 generic functions
\@emptytoks=\toks17
\ex@=\dimen106
))
(/usr/local/texlive/2019/texmf-dist/tex/latex/amsmath/amsbsy.sty
Package: amsbsy 1999/11/29 v1.2d Bold Symbols
\pmbraise@=\dimen107
)
(/usr/local/texlive/2019/texmf-dist/tex/latex/amsmath/amsopn.sty
Package: amsopn 2016/03/08 v2.02 operator names
)
\inf@bad=\count91
LaTeX Info: Redefining \frac on input line 223.
\uproot@=\count92
\leftroot@=\count93
LaTeX Info: Redefining \overline on input line 385.
\classnum@=\count94
\DOTSCASE@=\count95
LaTeX Info: Redefining \ldots on input line 482.
LaTeX Info: Redefining \dots on input line 485.
LaTeX Info: Redefining \cdots on input line 606.
\Mathstrutbox@=\box27
\strutbox@=\box28
\big@size=\dimen108
LaTeX Font Info:    Redeclaring font encoding OML on input line 729.
LaTeX Font Info:    Redeclaring font encoding OMS on input line 730.
\macc@depth=\count96
\c@MaxMatrixCols=\count97
\dotsspace@=\muskip10
\c@parentequation=\count98
\dspbrk@lvl=\count99
\tag@help=\toks18
\row@=\count100
\column@=\count101
\maxfields@=\count102
\andhelp@=\toks19
\eqnshift@=\dimen109
\alignsep@=\dimen110
\tagshift@=\dimen111
\tagwidth@=\dimen112
\totwidth@=\dimen113
\lineht@=\dimen114
\@envbody=\toks20
\multlinegap=\skip46
\multlinetaggap=\skip47
\mathdisplay@stack=\toks21
LaTeX Info: Redefining \[ on input line 2844.
LaTeX Info: Redefining \] on input line 2845.
)
(/usr/local/texlive/2019/texmf-dist/tex/latex/pgfplots/pgfplots.sty
(/usr/local/texlive/2019/texmf-dist/tex/generic/pgfplots/pgfplots.revision.tex)
Package: pgfplots 2018/03/28 v1.16 Data Visualization (1.16)
(/usr/local/texlive/2019/texmf-dist/tex/latex/pgf/frontendlayer/tikz.sty
(/usr/local/texlive/2019/texmf-dist/tex/latex/pgf/basiclayer/pgf.sty
(/usr/local/texlive/2019/texmf-dist/tex/latex/pgf/utilities/pgfrcs.sty
(/usr/local/texlive/2019/texmf-dist/tex/generic/pgf/utilities/pgfutil-common.te
x
\pgfutil@everybye=\toks22
\pgfutil@tempdima=\dimen115
\pgfutil@tempdimb=\dimen116

(/usr/local/texlive/2019/texmf-dist/tex/generic/pgf/utilities/pgfutil-common-li
sts.tex))
(/usr/local/texlive/2019/texmf-dist/tex/generic/pgf/utilities/pgfutil-latex.def
\pgfutil@abb=\box29
(/usr/local/texlive/2019/texmf-dist/tex/latex/ms/everyshi.sty
Package: everyshi 2001/05/15 v3.00 EveryShipout Package (MS)
))
(/usr/local/texlive/2019/texmf-dist/tex/generic/pgf/utilities/pgfrcs.code.tex
(/usr/local/texlive/2019/texmf-dist/tex/generic/pgf/pgf.revision.tex)
Package: pgfrcs 2019/04/04 v3.1.2 (3.1.2)
))
Package: pgf 2019/04/04 v3.1.2 (3.1.2)

(/usr/local/texlive/2019/texmf-dist/tex/latex/pgf/basiclayer/pgfcore.sty
(/usr/local/texlive/2019/texmf-dist/tex/latex/pgf/systemlayer/pgfsys.sty
(/usr/local/texlive/2019/texmf-dist/tex/generic/pgf/systemlayer/pgfsys.code.tex
Package: pgfsys 2019/04/04 v3.1.2 (3.1.2)
(/usr/local/texlive/2019/texmf-dist/tex/generic/pgf/utilities/pgfkeys.code.tex
\pgfkeys@pathtoks=\toks23
\pgfkeys@temptoks=\toks24

(/usr/local/texlive/2019/texmf-dist/tex/generic/pgf/utilities/pgfkeysfiltered.c
ode.tex
\pgfkeys@tmptoks=\toks25
))
\pgf@x=\dimen117
\pgf@y=\dimen118
\pgf@xa=\dimen119
\pgf@ya=\dimen120
\pgf@xb=\dimen121
\pgf@yb=\dimen122
\pgf@xc=\dimen123
\pgf@yc=\dimen124
\w@pgf@writea=\write3
\r@pgf@reada=\read1
\c@pgf@counta=\count103
\c@pgf@countb=\count104
\c@pgf@countc=\count105
\c@pgf@countd=\count106
\t@pgf@toka=\toks26
\t@pgf@tokb=\toks27
\t@pgf@tokc=\toks28
\pgf@sys@id@count=\count107

(/usr/local/texlive/2019/texmf-dist/tex/generic/pgf/systemlayer/pgf.cfg
File: pgf.cfg 2019/04/04 v3.1.2 (3.1.2)
)
Driver file for pgf: pgfsys-pdftex.def

(/usr/local/texlive/2019/texmf-dist/tex/generic/pgf/systemlayer/pgfsys-pdftex.d
ef
File: pgfsys-pdftex.def 2019/04/04 v3.1.2 (3.1.2)

(/usr/local/texlive/2019/texmf-dist/tex/generic/pgf/systemlayer/pgfsys-common-p
df.def
File: pgfsys-common-pdf.def 2019/04/04 v3.1.2 (3.1.2)
)))
(/usr/local/texlive/2019/texmf-dist/tex/generic/pgf/systemlayer/pgfsyssoftpath.
code.tex
File: pgfsyssoftpath.code.tex 2019/04/04 v3.1.2 (3.1.2)
\pgfsyssoftpath@smallbuffer@items=\count108
\pgfsyssoftpath@bigbuffer@items=\count109
)
(/usr/local/texlive/2019/texmf-dist/tex/generic/pgf/systemlayer/pgfsysprotocol.
code.tex
File: pgfsysprotocol.code.tex 2019/04/04 v3.1.2 (3.1.2)
)) (/usr/local/texlive/2019/texmf-dist/tex/latex/xcolor/xcolor.sty
Package: xcolor 2016/05/11 v2.12 LaTeX color extensions (UK)

(/usr/local/texlive/2019/texmf-dist/tex/latex/graphics-cfg/color.cfg
File: color.cfg 2016/01/02 v1.6 sample color configuration
)
Package xcolor Info: Driver file: pdftex.def on input line 225.
Package xcolor Info: Model `cmy' substituted by `cmy0' on input line 1348.
Package xcolor Info: Model `hsb' substituted by `rgb' on input line 1352.
Package xcolor Info: Model `RGB' extended on input line 1364.
Package xcolor Info: Model `HTML' substituted by `rgb' on input line 1366.
Package xcolor Info: Model `Hsb' substituted by `hsb' on input line 1367.
Package xcolor Info: Model `tHsb' substituted by `hsb' on input line 1368.
Package xcolor Info: Model `HSB' substituted by `hsb' on input line 1369.
Package xcolor Info: Model `Gray' substituted by `gray' on input line 1370.
Package xcolor Info: Model `wave' substituted by `hsb' on input line 1371.
)
(/usr/local/texlive/2019/texmf-dist/tex/generic/pgf/basiclayer/pgfcore.code.tex
Package: pgfcore 2019/04/04 v3.1.2 (3.1.2)
(/usr/local/texlive/2019/texmf-dist/tex/generic/pgf/math/pgfmath.code.tex
(/usr/local/texlive/2019/texmf-dist/tex/generic/pgf/math/pgfmathcalc.code.tex
(/usr/local/texlive/2019/texmf-dist/tex/generic/pgf/math/pgfmathutil.code.tex)
(/usr/local/texlive/2019/texmf-dist/tex/generic/pgf/math/pgfmathparser.code.tex
\pgfmath@dimen=\dimen125
\pgfmath@count=\count110
\pgfmath@box=\box30
\pgfmath@toks=\toks29
\pgfmath@stack@operand=\toks30
\pgfmath@stack@operation=\toks31
)
(/usr/local/texlive/2019/texmf-dist/tex/generic/pgf/math/pgfmathfunctions.code.
tex
(/usr/local/texlive/2019/texmf-dist/tex/generic/pgf/math/pgfmathfunctions.basic
.code.tex)
(/usr/local/texlive/2019/texmf-dist/tex/generic/pgf/math/pgfmathfunctions.trigo
nometric.code.tex)
(/usr/local/texlive/2019/texmf-dist/tex/generic/pgf/math/pgfmathfunctions.rando
m.code.tex)
(/usr/local/texlive/2019/texmf-dist/tex/generic/pgf/math/pgfmathfunctions.compa
rison.code.tex)
(/usr/local/texlive/2019/texmf-dist/tex/generic/pgf/math/pgfmathfunctions.base.
code.tex)
(/usr/local/texlive/2019/texmf-dist/tex/generic/pgf/math/pgfmathfunctions.round
.code.tex)
(/usr/local/texlive/2019/texmf-dist/tex/generic/pgf/math/pgfmathfunctions.misc.
code.tex)
(/usr/local/texlive/2019/texmf-dist/tex/generic/pgf/math/pgfmathfunctions.integ
erarithmetics.code.tex)))
(/usr/local/texlive/2019/texmf-dist/tex/generic/pgf/math/pgfmathfloat.code.tex
\c@pgfmathroundto@lastzeros=\count111
))
(/usr/local/texlive/2019/texmf-dist/tex/generic/pgf/basiclayer/pgfcorepoints.co
de.tex
File: pgfcorepoints.code.tex 2019/04/04 v3.1.2 (3.1.2)
\pgf@picminx=\dimen126
\pgf@picmaxx=\dimen127
\pgf@picminy=\dimen128
\pgf@picmaxy=\dimen129
\pgf@pathminx=\dimen130
\pgf@pathmaxx=\dimen131
\pgf@pathminy=\dimen132
\pgf@pathmaxy=\dimen133
\pgf@xx=\dimen134
\pgf@xy=\dimen135
\pgf@yx=\dimen136
\pgf@yy=\dimen137
\pgf@zx=\dimen138
\pgf@zy=\dimen139
)
(/usr/local/texlive/2019/texmf-dist/tex/generic/pgf/basiclayer/pgfcorepathconst
ruct.code.tex
File: pgfcorepathconstruct.code.tex 2019/04/04 v3.1.2 (3.1.2)
\pgf@path@lastx=\dimen140
\pgf@path@lasty=\dimen141
)
(/usr/local/texlive/2019/texmf-dist/tex/generic/pgf/basiclayer/pgfcorepathusage
.code.tex
File: pgfcorepathusage.code.tex 2019/04/04 v3.1.2 (3.1.2)
\pgf@shorten@end@additional=\dimen142
\pgf@shorten@start@additional=\dimen143
)
(/usr/local/texlive/2019/texmf-dist/tex/generic/pgf/basiclayer/pgfcorescopes.co
de.tex
File: pgfcorescopes.code.tex 2019/04/04 v3.1.2 (3.1.2)
\pgfpic=\box31
\pgf@hbox=\box32
\pgf@layerbox@main=\box33
\pgf@picture@serial@count=\count112
)
(/usr/local/texlive/2019/texmf-dist/tex/generic/pgf/basiclayer/pgfcoregraphicst
ate.code.tex
File: pgfcoregraphicstate.code.tex 2019/04/04 v3.1.2 (3.1.2)
\pgflinewidth=\dimen144
)
(/usr/local/texlive/2019/texmf-dist/tex/generic/pgf/basiclayer/pgfcoretransform
ations.code.tex
File: pgfcoretransformations.code.tex 2019/04/04 v3.1.2 (3.1.2)
\pgf@pt@x=\dimen145
\pgf@pt@y=\dimen146
\pgf@pt@temp=\dimen147
)
(/usr/local/texlive/2019/texmf-dist/tex/generic/pgf/basiclayer/pgfcorequick.cod
e.tex
File: pgfcorequick.code.tex 2019/04/04 v3.1.2 (3.1.2)
)
(/usr/local/texlive/2019/texmf-dist/tex/generic/pgf/basiclayer/pgfcoreobjects.c
ode.tex
File: pgfcoreobjects.code.tex 2019/04/04 v3.1.2 (3.1.2)
)
(/usr/local/texlive/2019/texmf-dist/tex/generic/pgf/basiclayer/pgfcorepathproce
ssing.code.tex
File: pgfcorepathprocessing.code.tex 2019/04/04 v3.1.2 (3.1.2)
)
(/usr/local/texlive/2019/texmf-dist/tex/generic/pgf/basiclayer/pgfcorearrows.co
de.tex
File: pgfcorearrows.code.tex 2019/04/04 v3.1.2 (3.1.2)
\pgfarrowsep=\dimen148
)
(/usr/local/texlive/2019/texmf-dist/tex/generic/pgf/basiclayer/pgfcoreshade.cod
e.tex
File: pgfcoreshade.code.tex 2019/04/04 v3.1.2 (3.1.2)
\pgf@max=\dimen149
\pgf@sys@shading@range@num=\count113
\pgf@shadingcount=\count114
)
(/usr/local/texlive/2019/texmf-dist/tex/generic/pgf/basiclayer/pgfcoreimage.cod
e.tex
File: pgfcoreimage.code.tex 2019/04/04 v3.1.2 (3.1.2)

(/usr/local/texlive/2019/texmf-dist/tex/generic/pgf/basiclayer/pgfcoreexternal.
code.tex
File: pgfcoreexternal.code.tex 2019/04/04 v3.1.2 (3.1.2)
\pgfexternal@startupbox=\box34
))
(/usr/local/texlive/2019/texmf-dist/tex/generic/pgf/basiclayer/pgfcorelayers.co
de.tex
File: pgfcorelayers.code.tex 2019/04/04 v3.1.2 (3.1.2)
)
(/usr/local/texlive/2019/texmf-dist/tex/generic/pgf/basiclayer/pgfcoretranspare
ncy.code.tex
File: pgfcoretransparency.code.tex 2019/04/04 v3.1.2 (3.1.2)
)
(/usr/local/texlive/2019/texmf-dist/tex/generic/pgf/basiclayer/pgfcorepatterns.
code.tex
File: pgfcorepatterns.code.tex 2019/04/04 v3.1.2 (3.1.2)
)
(/usr/local/texlive/2019/texmf-dist/tex/generic/pgf/basiclayer/pgfcorerdf.code.
tex
File: pgfcorerdf.code.tex 2019/04/04 v3.1.2 (3.1.2)
)))
(/usr/local/texlive/2019/texmf-dist/tex/generic/pgf/modules/pgfmoduleshapes.cod
e.tex
File: pgfmoduleshapes.code.tex 2019/04/04 v3.1.2 (3.1.2)
\pgfnodeparttextbox=\box35
)
(/usr/local/texlive/2019/texmf-dist/tex/generic/pgf/modules/pgfmoduleplot.code.
tex
File: pgfmoduleplot.code.tex 2019/04/04 v3.1.2 (3.1.2)
)
(/usr/local/texlive/2019/texmf-dist/tex/latex/pgf/compatibility/pgfcomp-version
-0-65.sty
Package: pgfcomp-version-0-65 2019/04/04 v3.1.2 (3.1.2)
\pgf@nodesepstart=\dimen150
\pgf@nodesepend=\dimen151
)
(/usr/local/texlive/2019/texmf-dist/tex/latex/pgf/compatibility/pgfcomp-version
-1-18.sty
Package: pgfcomp-version-1-18 2019/04/04 v3.1.2 (3.1.2)
))
(/usr/local/texlive/2019/texmf-dist/tex/latex/pgf/utilities/pgffor.sty
(/usr/local/texlive/2019/texmf-dist/tex/latex/pgf/utilities/pgfkeys.sty
(/usr/local/texlive/2019/texmf-dist/tex/generic/pgf/utilities/pgfkeys.code.tex)
) (/usr/local/texlive/2019/texmf-dist/tex/latex/pgf/math/pgfmath.sty
(/usr/local/texlive/2019/texmf-dist/tex/generic/pgf/math/pgfmath.code.tex))
(/usr/local/texlive/2019/texmf-dist/tex/generic/pgf/utilities/pgffor.code.tex
Package: pgffor 2019/04/04 v3.1.2 (3.1.2)

(/usr/local/texlive/2019/texmf-dist/tex/generic/pgf/math/pgfmath.code.tex)
\pgffor@iter=\dimen152
\pgffor@skip=\dimen153
\pgffor@stack=\toks32
\pgffor@toks=\toks33
))
(/usr/local/texlive/2019/texmf-dist/tex/generic/pgf/frontendlayer/tikz/tikz.cod
e.tex
Package: tikz 2019/04/04 v3.1.2 (3.1.2)

(/usr/local/texlive/2019/texmf-dist/tex/generic/pgf/libraries/pgflibraryplothan
dlers.code.tex
File: pgflibraryplothandlers.code.tex 2019/04/04 v3.1.2 (3.1.2)
\pgf@plot@mark@count=\count115
\pgfplotmarksize=\dimen154
)
\tikz@lastx=\dimen155
\tikz@lasty=\dimen156
\tikz@lastxsaved=\dimen157
\tikz@lastysaved=\dimen158
\tikzleveldistance=\dimen159
\tikzsiblingdistance=\dimen160
\tikz@figbox=\box36
\tikz@figbox@bg=\box37
\tikz@tempbox=\box38
\tikz@tempbox@bg=\box39
\tikztreelevel=\count116
\tikznumberofchildren=\count117
\tikznumberofcurrentchild=\count118
\tikz@fig@count=\count119

(/usr/local/texlive/2019/texmf-dist/tex/generic/pgf/modules/pgfmodulematrix.cod
e.tex
File: pgfmodulematrix.code.tex 2019/04/04 v3.1.2 (3.1.2)
\pgfmatrixcurrentrow=\count120
\pgfmatrixcurrentcolumn=\count121
\pgf@matrix@numberofcolumns=\count122
)
\tikz@expandcount=\count123

(/usr/local/texlive/2019/texmf-dist/tex/generic/pgf/frontendlayer/tikz/librarie
s/tikzlibrarytopaths.code.tex
File: tikzlibrarytopaths.code.tex 2019/04/04 v3.1.2 (3.1.2)
)))
(/usr/local/texlive/2019/texmf-dist/tex/generic/pgfplots/pgfplots.code.tex
(/usr/local/texlive/2019/texmf-dist/tex/generic/pgfplots/pgfplotscore.code.tex
\t@pgfplots@toka=\toks34
\t@pgfplots@tokb=\toks35
\t@pgfplots@tokc=\toks36
\pgfplots@tmpa=\dimen161
\c@pgfplots@coordindex=\count124
\c@pgfplots@scanlineindex=\count125

(/usr/local/texlive/2019/texmf-dist/tex/generic/pgfplots/sys/pgfplotssysgeneric
.code.tex))
(/usr/local/texlive/2019/texmf-dist/tex/generic/pgfplots/libs/pgfplotslibrary.c
ode.tex)
(/usr/local/texlive/2019/texmf-dist/tex/generic/pgfplots/oldpgfcompatib/pgfplot
soldpgfsupp_loader.code.tex
(/usr/local/texlive/2019/texmf-dist/tex/generic/pgf/libraries/pgflibraryfpu.cod
e.tex)
Package pgfplots: loading complementary arithmetics for your pgf version...

(/usr/local/texlive/2019/texmf-dist/tex/generic/pgfplots/oldpgfcompatib/pgfplot
soldpgfsupp_pgflibraryfpu.code.tex)
(/usr/local/texlive/2019/texmf-dist/tex/generic/pgfplots/oldpgfcompatib/pgfplot
soldpgfsupp_pgfmathfloat.code.tex
\c@pgfmathroundto@lastzeros=\count126
))
(/usr/local/texlive/2019/texmf-dist/tex/generic/pgfplots/util/pgfplotsutil.code
.tex
(/usr/local/texlive/2019/texmf-dist/tex/generic/pgfplots/liststructure/pgfplots
liststructure.code.tex)
(/usr/local/texlive/2019/texmf-dist/tex/generic/pgfplots/liststructure/pgfplots
liststructureext.code.tex)
(/usr/local/texlive/2019/texmf-dist/tex/generic/pgfplots/liststructure/pgfplots
array.code.tex
\c@pgfplotsarray@tmp=\count127
)
(/usr/local/texlive/2019/texmf-dist/tex/generic/pgfplots/liststructure/pgfplots
matrix.code.tex)
(/usr/local/texlive/2019/texmf-dist/tex/generic/pgfplots/numtable/pgfplotstable
shared.code.tex
\c@pgfplotstable@counta=\count128
\t@pgfplotstable@a=\toks37
)
(/usr/local/texlive/2019/texmf-dist/tex/generic/pgfplots/liststructure/pgfplots
deque.code.tex)
(/usr/local/texlive/2019/texmf-dist/tex/generic/pgfplots/util/pgfplotsbinary.co
de.tex
(/usr/local/texlive/2019/texmf-dist/tex/generic/pgfplots/util/pgfplotsbinary.da
ta.code.tex))
(/usr/local/texlive/2019/texmf-dist/tex/generic/pgfplots/util/pgfplotsutil.verb
.code.tex)
(/usr/local/texlive/2019/texmf-dist/tex/generic/pgfplots/libs/pgflibrarypgfplot
s.surfshading.code.tex
\c@pgfplotslibrarysurf@no=\count129

(/usr/local/texlive/2019/texmf-dist/tex/generic/pgfplots/sys/pgflibrarypgfplots
.surfshading.pgfsys-pdftex.def)))
(/usr/local/texlive/2019/texmf-dist/tex/generic/pgfplots/util/pgfplotscolormap.
code.tex
(/usr/local/texlive/2019/texmf-dist/tex/generic/pgfplots/util/pgfplotscolor.cod
e.tex))
(/usr/local/texlive/2019/texmf-dist/tex/generic/pgfplots/pgfplotsstackedplots.c
ode.tex)
(/usr/local/texlive/2019/texmf-dist/tex/generic/pgfplots/pgfplotsplothandlers.c
ode.tex
(/usr/local/texlive/2019/texmf-dist/tex/generic/pgfplots/pgfplotsmeshplothandle
r.code.tex
(/usr/local/texlive/2019/texmf-dist/tex/generic/pgfplots/pgfplotsmeshplotimage.
code.tex)))
(/usr/local/texlive/2019/texmf-dist/tex/generic/pgfplots/pgfplots.scaling.code.
tex)
(/usr/local/texlive/2019/texmf-dist/tex/generic/pgfplots/pgfplotscoordprocessin
g.code.tex)
(/usr/local/texlive/2019/texmf-dist/tex/generic/pgfplots/pgfplots.errorbars.cod
e.tex)
(/usr/local/texlive/2019/texmf-dist/tex/generic/pgfplots/pgfplots.markers.code.
tex)
(/usr/local/texlive/2019/texmf-dist/tex/generic/pgfplots/pgfplotsticks.code.tex
)
(/usr/local/texlive/2019/texmf-dist/tex/generic/pgfplots/pgfplots.paths.code.te
x)
(/usr/local/texlive/2019/texmf-dist/tex/generic/pgf/frontendlayer/tikz/librarie
s/tikzlibrarydecorations.code.tex
(/usr/local/texlive/2019/texmf-dist/tex/generic/pgf/modules/pgfmoduledecoration
s.code.tex
\pgfdecoratedcompleteddistance=\dimen162
\pgfdecoratedremainingdistance=\dimen163
\pgfdecoratedinputsegmentcompleteddistance=\dimen164
\pgfdecoratedinputsegmentremainingdistance=\dimen165
\pgf@decorate@distancetomove=\dimen166
\pgf@decorate@repeatstate=\count130
\pgfdecorationsegmentamplitude=\dimen167
\pgfdecorationsegmentlength=\dimen168
)
\tikz@lib@dec@box=\box40
)
(/usr/local/texlive/2019/texmf-dist/tex/generic/pgf/frontendlayer/tikz/librarie
s/tikzlibrarydecorations.pathmorphing.code.tex
(/usr/local/texlive/2019/texmf-dist/tex/generic/pgf/libraries/decorations/pgfli
brarydecorations.pathmorphing.code.tex))
(/usr/local/texlive/2019/texmf-dist/tex/generic/pgf/frontendlayer/tikz/librarie
s/tikzlibrarydecorations.pathreplacing.code.tex
(/usr/local/texlive/2019/texmf-dist/tex/generic/pgf/libraries/decorations/pgfli
brarydecorations.pathreplacing.code.tex))
\pgfplots@numplots=\count131
\pgfplots@xmin@reg=\dimen169
\pgfplots@xmax@reg=\dimen170
\pgfplots@ymin@reg=\dimen171
\pgfplots@ymax@reg=\dimen172
\pgfplots@zmin@reg=\dimen173
\pgfplots@zmax@reg=\dimen174
)
(/usr/local/texlive/2019/texmf-dist/tex/generic/pgf/frontendlayer/tikz/librarie
s/tikzlibraryplotmarks.code.tex
File: tikzlibraryplotmarks.code.tex 2019/04/04 v3.1.2 (3.1.2)

(/usr/local/texlive/2019/texmf-dist/tex/generic/pgf/libraries/pgflibraryplotmar
ks.code.tex
File: pgflibraryplotmarks.code.tex 2019/04/04 v3.1.2 (3.1.2)
)))
(/usr/local/texlive/2019/texmf-dist/tex/latex/listings/listings.sty
\lst@mode=\count132
\lst@gtempboxa=\box41
\lst@token=\toks38
\lst@length=\count133
\lst@currlwidth=\dimen175
\lst@column=\count134
\lst@pos=\count135
\lst@lostspace=\dimen176
\lst@width=\dimen177
\lst@newlines=\count136
\lst@lineno=\count137
\lst@maxwidth=\dimen178

(/usr/local/texlive/2019/texmf-dist/tex/latex/listings/lstmisc.sty
File: lstmisc.sty 2019/02/27 1.8b (Carsten Heinz)
\c@lstnumber=\count138
\lst@skipnumbers=\count139
\lst@framebox=\box42
)
(/usr/local/texlive/2019/texmf-dist/tex/latex/listings/listings.cfg
File: listings.cfg 2019/02/27 1.8b listings configuration
))
Package: listings 2019/02/27 1.8b (Carsten Heinz)

(/usr/local/texlive/2019/texmf-dist/tex/latex/caption/caption.sty
Package: caption 2018/10/06 v3.3-154 Customizing captions (AR)

(/usr/local/texlive/2019/texmf-dist/tex/latex/caption/caption3.sty
Package: caption3 2018/09/12 v1.8c caption3 kernel (AR)
Package caption3 Info: TeX engine: e-TeX on input line 64.
\captionmargin=\dimen179
\captionmargin@=\dimen180
\captionwidth=\dimen181
\caption@tempdima=\dimen182
\caption@indent=\dimen183
\caption@parindent=\dimen184
\caption@hangindent=\dimen185
)
\c@caption@flags=\count140
\c@ContinuedFloat=\count141
Package caption Info: listings package is loaded.
)
(/usr/local/texlive/2019/texmf-dist/tex/latex/tools/indentfirst.sty
Package: indentfirst 1995/11/23 v1.03 Indent first paragraph (DPC)
)
(/usr/local/texlive/2019/texmf-dist/tex/latex/geometry/geometry.sty
Package: geometry 2018/04/16 v5.8 Page Geometry

(/usr/local/texlive/2019/texmf-dist/tex/generic/oberdiek/ifpdf.sty
Package: ifpdf 2018/09/07 v3.3 Provides the ifpdf switch
)
(/usr/local/texlive/2019/texmf-dist/tex/generic/oberdiek/ifvtex.sty
Package: ifvtex 2016/05/16 v1.6 Detect VTeX and its facilities (HO)
Package ifvtex Info: VTeX not detected.
)
(/usr/local/texlive/2019/texmf-dist/tex/generic/ifxetex/ifxetex.sty
Package: ifxetex 2010/09/12 v0.6 Provides ifxetex conditional
)
\Gm@cnth=\count142
\Gm@cntv=\count143
\c@Gm@tempcnt=\count144
\Gm@bindingoffset=\dimen186
\Gm@wd@mp=\dimen187
\Gm@odd@mp=\dimen188
\Gm@even@mp=\dimen189
\Gm@layoutwidth=\dimen190
\Gm@layoutheight=\dimen191
\Gm@layouthoffset=\dimen192
\Gm@layoutvoffset=\dimen193
\Gm@dimlist=\toks39
)
(./main1.aux (./cover.aux) (./intro.aux) (./task.aux

LaTeX Warning: Label `fig:image' multiply defined.


LaTeX Warning: Label `fig:image' multiply defined.


LaTeX Warning: Label `some-code' multiply defined.


LaTeX Warning: Label `some-code' multiply defined.


LaTeX Warning: Label `some-code' multiply defined.


LaTeX Warning: Label `some-code' multiply defined.


LaTeX Warning: Label `some-code' multiply defined.


LaTeX Warning: Label `some-code' multiply defined.


LaTeX Warning: Label `some-code' multiply defined.


LaTeX Warning: Label `fig:image' multiply defined.


LaTeX Warning: Label `fig:image' multiply defined.


LaTeX Warning: Label `fig:image' multiply defined.


LaTeX Warning: Label `fig:image' multiply defined.


LaTeX Warning: Label `fig:image' multiply defined.

) (./biblio.aux)

./main1.aux:8: Package natbib Error: Bibliography not compatible with author-ye
ar citations.
(natbib)                Press <return> to continue in numerical citation style.


See the natbib package documentation for explanation.
Type  H <return>  for immediate help.
 ...                                              
                                                  
l.8 ...mmand\NAT@force@numbers{}\NAT@force@numbers
                                                  
? 
)
\openout1 = `main1.aux'.

LaTeX Font Info:    Checking defaults for OML/cmm/m/it on input line 23.
LaTeX Font Info:    ... okay on input line 23.
LaTeX Font Info:    Checking defaults for T1/cmr/m/n on input line 23.
LaTeX Font Info:    ... okay on input line 23.
LaTeX Font Info:    Checking defaults for OT1/cmr/m/n on input line 23.
LaTeX Font Info:    ... okay on input line 23.
LaTeX Font Info:    Checking defaults for OMS/cmsy/m/n on input line 23.
LaTeX Font Info:    ... okay on input line 23.
LaTeX Font Info:    Checking defaults for OMX/cmex/m/n on input line 23.
LaTeX Font Info:    ... okay on input line 23.
LaTeX Font Info:    Checking defaults for U/cmr/m/n on input line 23.
LaTeX Font Info:    ... okay on input line 23.
LaTeX Font Info:    Checking defaults for T2A/cmr/m/n on input line 23.
LaTeX Font Info:    ... okay on input line 23.
 (/usr/local/texlive/2019/texmf-dist/tex/context/base/mkii/supp-pdf.mkii
[Loading MPS to PDF converter (version 2006.09.02).]
\scratchcounter=\count145
\scratchdimen=\dimen194
\scratchbox=\box43
\nofMPsegments=\count146
\nofMParguments=\count147
\everyMPshowfont=\toks40
\MPscratchCnt=\count148
\MPscratchDim=\dimen195
\MPnumerator=\count149
\makeMPintoPDFobject=\count150
\everyMPtoPDFconversion=\toks41
) (/usr/local/texlive/2019/texmf-dist/tex/latex/oberdiek/epstopdf-base.sty
Package: epstopdf-base 2016/05/15 v2.6 Base part for package epstopdf

(/usr/local/texlive/2019/texmf-dist/tex/generic/oberdiek/infwarerr.sty
Package: infwarerr 2016/05/16 v1.4 Providing info/warning/error messages (HO)
)
(/usr/local/texlive/2019/texmf-dist/tex/latex/oberdiek/grfext.sty
Package: grfext 2016/05/16 v1.2 Manage graphics extensions (HO)

(/usr/local/texlive/2019/texmf-dist/tex/generic/oberdiek/kvdefinekeys.sty
Package: kvdefinekeys 2016/05/16 v1.4 Define keys (HO)

(/usr/local/texlive/2019/texmf-dist/tex/generic/oberdiek/ltxcmds.sty
Package: ltxcmds 2016/05/16 v1.23 LaTeX kernel commands for general use (HO)
)))
(/usr/local/texlive/2019/texmf-dist/tex/latex/oberdiek/kvoptions.sty
Package: kvoptions 2016/05/16 v3.12 Key value format for package options (HO)

(/usr/local/texlive/2019/texmf-dist/tex/generic/oberdiek/kvsetkeys.sty
Package: kvsetkeys 2016/05/16 v1.17 Key value parser (HO)

(/usr/local/texlive/2019/texmf-dist/tex/generic/oberdiek/etexcmds.sty
Package: etexcmds 2016/05/16 v1.6 Avoid name clashes with e-TeX commands (HO)

(/usr/local/texlive/2019/texmf-dist/tex/generic/oberdiek/ifluatex.sty
Package: ifluatex 2016/05/16 v1.4 Provides the ifluatex switch (HO)
Package ifluatex Info: LuaTeX not detected.
))))
(/usr/local/texlive/2019/texmf-dist/tex/generic/oberdiek/pdftexcmds.sty
Package: pdftexcmds 2018/09/10 v0.29 Utility functions of pdfTeX for LuaTeX (HO
)
Package pdftexcmds Info: LuaTeX not detected.
Package pdftexcmds Info: \pdf@primitive is available.
Package pdftexcmds Info: \pdf@ifprimitive is available.
Package pdftexcmds Info: \pdfdraftmode found.
)
Package epstopdf-base Info: Redefining graphics rule for `.eps' on input line 4
38.
Package grfext Info: Graphics extension search list:
(grfext)             [.pdf,.png,.jpg,.mps,.jpeg,.jbig2,.jb2,.PDF,.PNG,.JPG,.JPE
G,.JBIG2,.JB2,.eps]
(grfext)             \AppendGraphicsExtensions on input line 456.

(/usr/local/texlive/2019/texmf-dist/tex/latex/latexconfig/epstopdf-sys.cfg
File: epstopdf-sys.cfg 2010/07/13 v1.3 Configuration of (r)epstopdf for TeX Liv
e
))
ABD: EveryShipout initializing macros

Package pgfplots Warning: running in backwards compatibility mode (unsuitable t
ick labels; missing features). Consider writing \pgfplotsset{compat=1.16} into 
your preamble.
 on input line 23.

\c@lstlisting=\count151
Package caption Info: Begin \AtBeginDocument code.
Package caption Info: End \AtBeginDocument code.
*geometry* driver: auto-detecting
*geometry* detected driver: pdftex
*geometry* verbose mode - [ preamble ] result:
* driver: pdftex
* paper: a4paper
* layout: <same size as paper>
* layoutoffset:(h,v)=(0.0pt,0.0pt)
* modes: 
* h-part:(L,W,R)=(85.35826pt, 469.47049pt, 42.67912pt)
* v-part:(T,H,B)=(56.9055pt, 731.23584pt, 56.9055pt)
* \paperwidth=597.50787pt
* \paperheight=845.04684pt
* \textwidth=469.47049pt
* \textheight=731.23584pt
* \oddsidemargin=13.08827pt
* \evensidemargin=13.08827pt
* \topmargin=-52.36449pt
* \headheight=12.0pt
* \headsep=25.0pt
* \topskip=12.0pt
* \footskip=30.0pt
* \marginparwidth=35.0pt
* \marginparsep=10.0pt
* \columnsep=10.0pt
* \skip\footins=10.8pt plus 4.0pt minus 2.0pt
* \hoffset=0.0pt
* \voffset=0.0pt
* \mag=1000
* \@twocolumnfalse
* \@twosidefalse
* \@mparswitchfalse
* \@reversemarginfalse
* (1in=72.27pt=25.4mm, 1cm=28.453pt)

(/usr/local/texlive/2019/texmf-dist/tex/latex/listings/lstlang1.sty
File: lstlang1.sty 2019/02/27 1.8b listings language file
)
(/usr/local/texlive/2019/texmf-dist/tex/latex/listings/lstmisc.sty
File: lstmisc.sty 2019/02/27 1.8b (Carsten Heinz)
)
\openout2 = `cover.aux'.


(./cover.tex
Underfull \hbox (badness 10000) in paragraph at lines 61--63

 []


Underfull \hbox (badness 10000) in paragraph at lines 61--63

 []

) [1


{/usr/local/texlive/2019/texmf-var/fonts/map/pdftex/updmap/pdftex.map}]
(./main1.toc)
\tf@toc=\write4
\openout4 = `main1.toc'.

 [2

]
\openout2 = `intro.aux'.

 (./intro.tex
Underfull \hbox (badness 10000) in paragraph at lines 5--9

 []

LaTeX Font Info:    Try loading font information for OMS+cmr on input line 16.
(/usr/local/texlive/2019/texmf-dist/tex/latex/base/omscmr.fd
File: omscmr.fd 2014/09/29 v2.5h Standard LaTeX font definitions
)
LaTeX Font Info:    Font shape `OMS/cmr/m/n' in size <12> not available
(Font)              Font shape `OMS/cmsy/m/n' tried instead on input line 16.


./intro.tex:19: Package inputenc Error: Unicode character ÃÜ (U+0306)
(inputenc)                not set up for use with LaTeX.

See the inputenc package documentation for explanation.
Type  H <return>  for immediate help.
 ...                                              
                                                  
l.19 ...æ–ª—å–∑–æ–≤–∞–Ω–∏–µ–º –≤—ã–±—Ä–∞–Ω–Ω–æ–∏ÃÜ
                                                   –°–£–ë–î;
? 

./intro.tex:20: Package inputenc Error: Unicode character ÃÜ (U+0306)
(inputenc)                not set up for use with LaTeX.

See the inputenc package documentation for explanation.
Type  H <return>  for immediate help.
 ...                                              
                                                  
l.20 ...–ª–æ–∂–µ–Ω–∏–µ –¥–ª—è –≤–∑–∞–∏–º–æ–¥–µ–∏ÃÜ
                                                  —Å—Ç–≤–∏—è —Å —Ä–µ–∞–ª–∏–∑...

? 

./intro.tex:20: Package inputenc Error: Unicode character ÃÜ (U+0306)
(inputenc)                not set up for use with LaTeX.

See the inputenc package documentation for explanation.
Type  H <return>  for immediate help.
 ...                                              
                                                  
l.20 ...—Å—Ç–≤–∏—è —Å —Ä–µ–∞–ª–∏–∑–æ–≤–∞–Ω–Ω–æ–∏ÃÜ
                                                   –ë–î.
? 
) [3

]
\openout2 = `task.aux'.

 (./task.tex

LaTeX Warning: Command \CYRS invalid in math mode on input line 19.


LaTeX Warning: Command \CYRU invalid in math mode on input line 19.


LaTeX Warning: Command \CYRB invalid in math mode on input line 19.


LaTeX Warning: Command \CYRD invalid in math mode on input line 19.

Missing character: There is no — in font cmr12!
Missing character: There is no ” in font cmr12!
Missing character: There is no ¡ in font cmr12!
Missing character: There is no ƒ in font cmr12!
<images/1.jpg, id=20, 450.68375pt x 198.7425pt>
File: images/1.jpg Graphic file (type jpg)
<use images/1.jpg>
Package pdftex.def Info: images/1.jpg  used on input line 43.
(pdftex.def)             Requested size: 270.41232pt x 119.24641pt.

LaTeX Warning: `h' float specifier changed to `ht'.

[4


]

./task.tex:57: Package inputenc Error: Unicode character ÃÜ (U+0306)
(inputenc)                not set up for use with LaTeX.

See the inputenc package documentation for explanation.
Type  H <return>  for immediate help.
 ...                                              
                                                  
l.57 –ü–æ–ø—É–ª—è—Ä–Ω–æ—Å—Ç—å —Å–µ—Ç–µ–≤–æ–∏ÃÜ
                                               –º–æ–¥–µ–ª–∏ —Å–æ–≤–ø–∞–ª–∞ —...

? 

./task.tex:57: Package inputenc Error: Unicode character ÃÜ (U+0306)
(inputenc)                not set up for use with LaTeX.

See the inputenc package documentation for explanation.
Type  H <return>  for immediate help.
 ...                                              
                                                  
l.57 ...Ä–Ω–æ—Å—Ç—å—é –∏–µ—Ä–∞—Ä—Ö–∏—á–µ—Å–∫–æ–∏ÃÜ
                                                   –º–æ–¥–µ–ª–∏.
? 

Overfull \hbox (2.37624pt too wide) in paragraph at lines 57--60
[]\T2A/cmr/m/n/12 œÓÔÛÎˇÌÓÒÚ¸ ÒÂ-ÚÂ-‚ÓË ÏÓ-‰Â-ÎË ÒÓ‚-Ô‡-Î‡ Ò ÔÓ-ÔÛ-Îˇ-ÌÓ-ÒÚ¸˛
 ËÂ‡-ıË-˜Â-ÒÍÓË ÏÓ-‰Â-ÎË. ÕÂÍÓ-
 []


./task.tex:61: Package inputenc Error: Unicode character ÃÜ (U+0306)
(inputenc)                not set up for use with LaTeX.

See the inputenc package documentation for explanation.
Type  H <return>  for immediate help.
 ...                                              
                                                  
l.61 ...∏ –Ω–µ —Å—Ç–∞–ª–∞ –¥–æ–º–∏–Ω–∞–Ω—Ç–Ω–æ–∏ÃÜ
                                                   –ø–æ –¥–≤—É–º –æ—Å–Ω–æ–≤–...

? 

./task.tex:62: Package inputenc Error: Unicode character ÃÜ (U+0306)
(inputenc)                not set up for use with LaTeX.

See the inputenc package documentation for explanation.
Type  H <return>  for immediate help.
 ...                                              
                                                  
l.62 ...—Ç—å—Å—è –æ—Ç –∏–µ—Ä–∞—Ä—Ö–∏—á–µ—Å–∫–æ–∏ÃÜ
                                                   –º–æ–¥–µ–ª–∏ –≤ —Ä–∞—Å—à–...

? 

./task.tex:63: Package inputenc Error: Unicode character Ãà (U+0308)
(inputenc)                not set up for use with LaTeX.

See the inputenc package documentation for explanation.
Type  H <return>  for immediate help.
 ...                                              
                                                  
l.63 ...Ä–µ–∑ –Ω–µ–∫–æ—Ç–æ—Ä–æ–µ –≤—Ä–µ–º—è –µ–µÃà
                                                   —Å–º–µ–Ω–∏–ª–∞ —Ä–µ–ª—è—Ü...

? 

./task.tex:63: Package inputenc Error: Unicode character ÃÜ (U+0306)
(inputenc)                not set up for use with LaTeX.

See the inputenc package documentation for explanation.
Type  H <return>  for immediate help.
 ...                                              
                                                  
l.63 ...±–æ–ª–µ–µ –≤—ã—Å–æ–∫–æ—É—Ä–æ–≤–Ω–µ–≤—ã–∏ÃÜ
                                                  , –¥–µ–∫–ª–∞—Ä–∞—Ç–∏–≤–Ω—ã...

? 

./task.tex:63: Package inputenc Error: Unicode character ÃÜ (U+0306)
(inputenc)                not set up for use with LaTeX.

See the inputenc package documentation for explanation.
Type  H <return>  for immediate help.
 ...                                              
                                                  
l.63 ...–Ω–µ–≤—ã–∏ÃÜ, –¥–µ–∫–ª–∞—Ä–∞—Ç–∏–≤–Ω—ã–∏ÃÜ
                                                   –∏–Ω—Ç–µ—Ä—Ñ–µ–∏ÃÜ—Å. \ci...

? 

./task.tex:63: Package inputenc Error: Unicode character ÃÜ (U+0306)
(inputenc)                not set up for use with LaTeX.

See the inputenc package documentation for explanation.
Type  H <return>  for immediate help.
 ...                                              
                                                  
l.63 ...∫–ª–∞—Ä–∞—Ç–∏–≤–Ω—ã–∏ÃÜ –∏–Ω—Ç–µ—Ä—Ñ–µ–∏ÃÜ
                                                  —Å. \cite{0}
? 
<images/2.jpg, id=25, 286.82156pt x 173.89969pt>
File: images/2.jpg Graphic file (type jpg)
<use images/2.jpg>
Package pdftex.def Info: images/2.jpg  used on input line 66.
(pdftex.def)             Requested size: 172.09425pt x 104.3406pt.

./task.tex:74: Package inputenc Error: Unicode character ÃÜ (U+0306)
(inputenc)                not set up for use with LaTeX.

See the inputenc package documentation for explanation.
Type  H <return>  for immediate help.
 ...                                              
                                                  
l.74 –í —Ä–µ–ª—è—Ü–∏–æ–Ω–Ω–æ–∏ÃÜ
                                 –º–æ–¥–µ–ª–∏, –≤ –æ—Ç–ª–∏—á–∏–µ –æ—Ç –∏–µ—Ä...

? 

./task.tex:74: Package inputenc Error: Unicode character ÃÜ (U+0306)
(inputenc)                not set up for use with LaTeX.

See the inputenc package documentation for explanation.
Type  H <return>  for immediate help.
 ...                                              
                                                  
l.74 ...–∏—á–∏–µ –æ—Ç –∏–µ—Ä–∞—Ä—Ö–∏—á–µ—Å–∫–æ–∏ÃÜ
                                                   –∏–ª–∏ —Å–µ—Ç–µ–≤–æ–∏ÃÜ, ...

? 

./task.tex:74: Package inputenc Error: Unicode character ÃÜ (U+0306)
(inputenc)                not set up for use with LaTeX.

See the inputenc package documentation for explanation.
Type  H <return>  for immediate help.
 ...                                              
                                                  
l.74 ...—Ö–∏—á–µ—Å–∫–æ–∏ÃÜ –∏–ª–∏ —Å–µ—Ç–µ–≤–æ–∏ÃÜ
                                                  , –Ω–µ —Å—É—â–µ—Å—Ç–≤—É–µ—...

? 

./task.tex:74: Package inputenc Error: Unicode character ÃÜ (U+0306)
(inputenc)                not set up for use with LaTeX.

See the inputenc package documentation for explanation.
Type  H <return>  for immediate help.
 ...                                              
                                                  
l.74 ... —Ñ–∏–∑–∏—á–µ—Å–∫–∏—Ö –æ—Ç–Ω–æ—à–µ–Ω–∏–∏ÃÜ
                                                  . –í—Å—è –∏–Ω—Ñ–æ—Ä–º–∞—Ü–...

? 

./task.tex:74: Package inputenc Error: Unicode character ÃÜ (U+0306)
(inputenc)                not set up for use with LaTeX.

See the inputenc package documentation for explanation.
Type  H <return>  for immediate help.
 ...                                              
                                                  
l.74 ...≤–∏–¥–µ —Ç–∞–±–ª–∏—Ü (–æ—Ç–Ω–æ—à–µ–Ω–∏–∏ÃÜ
                                                  ), —Å–æ—Å—Ç–æ—è—â–∏—Ö –∏–∑...

? 

./task.tex:79: Package inputenc Error: Unicode character ÃÜ (U+0306)
(inputenc)                not set up for use with LaTeX.

See the inputenc package documentation for explanation.
Type  H <return>  for immediate help.
 ...                                              
                                                  
l.79 ...—Ü–∞ –ø—Ä–µ–¥—Å—Ç–∞–≤–ª—è–µ—Ç —Å–æ–±–æ–∏ÃÜ
                                                   –¥–≤—É–º–µ—Ä–Ω—ã–∏ÃÜ –º–∞...

? 

./task.tex:79: Package inputenc Error: Unicode character ÃÜ (U+0306)
(inputenc)                not set up for use with LaTeX.

See the inputenc package documentation for explanation.
Type  H <return>  for immediate help.
 ...                                              
                                                  
l.79 ...–ª—è–µ—Ç —Å–æ–±–æ–∏ÃÜ –¥–≤—É–º–µ—Ä–Ω—ã–∏ÃÜ
                                                   –º–∞—Å—Å–∏–≤ –∏ –æ–±–ª–∞–...

? 

./task.tex:79: Package inputenc Error: Unicode character ÃÜ (U+0306)
(inputenc)                not set up for use with LaTeX.

See the inputenc package documentation for explanation.
Type  H <return>  for immediate help.
 ...                                              
                                                  
l.79 ...–∞–¥–∞–µ—Ç —Å–ª–µ–¥—É—é—â–∏–º–∏ —Å–≤–æ–∏ÃÜ
                                                  —Å—Ç–≤–∞–º–∏:
? 
[5 <./images/1.jpg> <./images/2.jpg>]

./task.tex:82: Package inputenc Error: Unicode character ÃÜ (U+0306)
(inputenc)                not set up for use with LaTeX.

See the inputenc package documentation for explanation.
Type  H <return>  for immediate help.
 ...                                              
                                                  
l.82 	\item –∫–∞–∂–¥—ã–∏ÃÜ
                           —ç–ª–µ–º–µ–Ω—Ç —Ç–∞–±–ª–∏—Ü—ã ‚Äî –æ–¥–∏–Ω —ç–ª–µ...

? 

./task.tex:83: Package inputenc Error: Unicode character ÃÜ (U+0306)
(inputenc)                not set up for use with LaTeX.

See the inputenc package documentation for explanation.
Type  H <return>  for immediate help.
 ...                                              
                                                  
l.83 ...–ª–±—Ü–µ –∏–º–µ—é—Ç –æ–¥–∏–Ω–∞–∫–æ–≤—ã–∏ÃÜ
                                                   —Ç–∏–ø;
? 

./task.tex:84: Package inputenc Error: Unicode character ÃÜ (U+0306)
(inputenc)                not set up for use with LaTeX.

See the inputenc package documentation for explanation.
Type  H <return>  for immediate help.
 ...                                              
                                                  
l.84 	\item –∫–∞–∂–¥—ã–∏ÃÜ
                           —Å—Ç–æ–ª–±–µ—Ü –∏–º–µ–µ—Ç —É–Ω–∏–∫–∞–ª—å–Ω–æ–µ –∏...

? 

./task.tex:89: Package inputenc Error: Unicode character ÃÜ (U+0306)
(inputenc)                not set up for use with LaTeX.

See the inputenc package documentation for explanation.
Type  H <return>  for immediate help.
 ...                                              
                                                  
l.89 ...–∫—É –æ–±—ä–µ–∫—Ç–∞ –ø—Ä–µ–¥–º–µ—Ç–Ω–æ–∏ÃÜ
                                                   –æ–±–ª–∞—Å—Ç–∏. –í –∑–∞–ø...

? 

./task.tex:91: Package inputenc Error: Unicode character ÃÜ (U+0306)
(inputenc)                not set up for use with LaTeX.

See the inputenc package documentation for explanation.
Type  H <return>  for immediate help.
 ...                                              
                                                  
l.91 ...–∞ –∫–æ–Ω–∫—Ä–µ—Ç–Ω—ã—Ö –∑–Ω–∞—á–µ–Ω–∏–∏ÃÜ
                                                   –±—É–¥–µ—Ç –∏—Å–ø–æ–ª—å–∑...

? 

./task.tex:91: Package inputenc Error: Unicode character ÃÜ (U+0306)
(inputenc)                not set up for use with LaTeX.

See the inputenc package documentation for explanation.
Type  H <return>  for immediate help.
 ...                                              
                                                  
l.91 ...–æ—Ä–∞ —Å–≤—è–∑–∞–Ω–Ω—ã—Ö –∑–∞–ø–∏—Å–µ–∏ÃÜ
                                                   –¥–≤—É—Ö —Ç–∞–±–ª–∏—Ü, —Å...

? 

./task.tex:91: Package inputenc Error: Unicode character ÃÜ (U+0306)
(inputenc)                not set up for use with LaTeX.

See the inputenc package documentation for explanation.
Type  H <return>  for immediate help.
 ...                                              
                                                  
l.91 ...—Å—Ç–∞–≤–∏–≤ –∑–Ω–∞—á–µ–Ω–∏—è –ø–æ–ª–µ–∏ÃÜ
                                                  . –¢–∞–∫–∏–µ –¥–µ–∏ÃÜ—Å—Ç–...

? 

./task.tex:91: Package inputenc Error: Unicode character ÃÜ (U+0306)
(inputenc)                not set up for use with LaTeX.

See the inputenc package documentation for explanation.
Type  H <return>  for immediate help.
 ...                                              
                                                  
l.91 ...–µ–Ω–∏—è –ø–æ–ª–µ–∏ÃÜ. –¢–∞–∫–∏–µ –¥–µ–∏ÃÜ
                                                  —Å—Ç–≤–∏—è –º–æ–∂–Ω–æ —Ä–∞...

? 

./task.tex:91: Package inputenc Error: Unicode character ÃÜ (U+0306)
(inputenc)                not set up for use with LaTeX.

See the inputenc package documentation for explanation.
Type  H <return>  for immediate help.
 ...                                              
                                                  
l.91 ...–µ–Ω–∏—è –Ω–µ—Å–∫–æ–ª—å–∫–∏—Ö –ø–æ–ª–µ–∏ÃÜ
                                                   –≤ –Ω–µ—Å–∫–æ–ª—å–∫–∏—Ö —...

? 

./task.tex:96: Package inputenc Error: Unicode character ÃÜ (U+0306)
(inputenc)                not set up for use with LaTeX.

See the inputenc package documentation for explanation.
Type  H <return>  for immediate help.
 ...                                              
                                                  
l.96 ...–¥–∏—Ç –¥–ª—è –∏–µ—Ä–∞—Ä—Ö–∏—á–µ—Å–∫–æ–∏ÃÜ
                                                   –º–æ–¥–µ–ª–∏.
? 

./task.tex:98: Package inputenc Error: Unicode character ÃÜ (U+0306)
(inputenc)                not set up for use with LaTeX.

See the inputenc package documentation for explanation.
Type  H <return>  for immediate help.
 ...                                              
                                                  
l.98 ...–≤–∏—Ç—Å—è —Å–ª–∏—à–∫–æ–º —Å–ª–æ–∂–Ω–æ–∏ÃÜ
                                                   –∏ –Ω–µ—É–¥–æ–±–Ω–æ–∏ÃÜ –...

? 

./task.tex:98: Package inputenc Error: Unicode character ÃÜ (U+0306)
(inputenc)                not set up for use with LaTeX.

See the inputenc package documentation for explanation.
Type  H <return>  for immediate help.
 ...                                              
                                                  
l.98 ...º —Å–ª–æ–∂–Ω–æ–∏ÃÜ –∏ –Ω–µ—É–¥–æ–±–Ω–æ–∏ÃÜ
                                                   –¥–ª—è —É–ø—Ä–∞–≤–ª–µ–Ω–∏—è.

? 

./task.tex:112: Package inputenc Error: Unicode character ÃÜ (U+0306)
(inputenc)                not set up for use with LaTeX.

See the inputenc package documentation for explanation.
Type  H <return>  for immediate help.
 ...                                              
                                                  
l.112 ...Ç–µ–º—É —É–ø—Ä–∞–≤–ª–µ–Ω–∏—è —Ç–∞–∫–æ–∏ÃÜ
                                                   –º–æ–¥–µ–ª—å—é.
? 
[6]

./task.tex:126: Package inputenc Error: Unicode character ÃÜ (U+0306)
(inputenc)                not set up for use with LaTeX.

See the inputenc package documentation for explanation.
Type  H <return>  for immediate help.
 ...                                              
                                                  
l.126 .... –°–ª–æ–≤–æ ¬´–≤—Å—Ç—Ä–∞–∏–≤–∞–µ–º—ã–∏ÃÜ
                                                  ¬ª (embedded) –æ–∑–Ω–∞—á–∞...

? 

./task.tex:126: Package inputenc Error: Unicode character ÃÜ (U+0306)
(inputenc)                not set up for use with LaTeX.

See the inputenc package documentation for explanation.
Type  H <return>  for immediate help.
 ...                                              
                                                  
l.126 ...º, —Å –∫–æ—Ç–æ—Ä—ã–º –≤–∑–∞–∏–º–æ–¥–µ–∏ÃÜ
                                                  —Å—Ç–≤—É–µ—Ç –ø—Ä–æ–≥—Ä–∞–...

? 

./task.tex:126: Package inputenc Error: Unicode character ÃÜ (U+0306)
(inputenc)                not set up for use with LaTeX.

See the inputenc package documentation for explanation.
Type  H <return>  for immediate help.
 ...                                              
                                                  
l.126 ... –∞ –ø—Ä–µ–¥—Å—Ç–∞–≤–ª—è–µ—Ç —Å–æ–±–æ–∏ÃÜ
                                                   –±–∏–±–ª–∏–æ—Ç–µ–∫—É, —Å ...

? 

./task.tex:126: Package inputenc Error: Unicode character ÃÜ (U+0306)
(inputenc)                not set up for use with LaTeX.

See the inputenc package documentation for explanation.
Type  H <return>  for immediate help.
 ...                                              
                                                  
l.126 ...–±–∏–±–ª–∏–æ—Ç–µ–∫—É, —Å –∫–æ—Ç–æ—Ä–æ–∏ÃÜ
                                                   –ø—Ä–æ–≥—Ä–∞–º–º–∞ –∫–æ–º...

? 

./task.tex:126: Package inputenc Error: Unicode character ÃÜ (U+0306)
(inputenc)                not set up for use with LaTeX.

See the inputenc package documentation for explanation.
Type  H <return>  for immediate help.
 ...                                              
                                                  
l.126 ...—Å—Ç–∞–Ω–æ–≤–∏—Ç—Å—è —Å–æ—Å—Ç–∞–≤–Ω–æ–∏ÃÜ
                                                   —á–∞—Å—Ç—å—é –ø—Ä–æ–≥—Ä–∞...

? 

./task.tex:126: Package inputenc Error: Unicode character ÃÜ (U+0306)
(inputenc)                not set up for use with LaTeX.

See the inputenc package documentation for explanation.
Type  H <return>  for immediate help.
 ...                                              
                                                  
l.126 ...∑—É—é—Ç—Å—è –≤—ã–∑–æ–≤—ã —Ñ—É–Ω–∫—Ü–∏–∏ÃÜ
                                                   (API) –±–∏–±–ª–∏–æ—Ç–µ–∫–...

? 

./task.tex:126: Package inputenc Error: Unicode character ÃÜ (U+0306)
(inputenc)                not set up for use with LaTeX.

See the inputenc package documentation for explanation.
Type  H <return>  for immediate help.
 ...                                              
                                                  
l.126 ...–±–∏–±–ª–∏–æ—Ç–µ–∫–∏ SQLite. –¢–∞–∫–æ–∏ÃÜ
                                                   –ø–æ–¥—Ö–æ–¥ —É–º–µ–Ω—å—à...

? 

./task.tex:128: Package inputenc Error: Unicode character ÃÜ (U+0306)
(inputenc)                not set up for use with LaTeX.

See the inputenc package documentation for explanation.
Type  H <return>  for immediate help.
 ...                                              
                                                  
l.128 ...—Ä–∞–Ω–∏—Ç—å –≤ —Ä–∞–º–∫–∞—Ö –æ–¥–Ω–æ–∏ÃÜ
                                                   –û–°. –ë—É–¥—É—á–∏ —Ñ–∞–∏...

? 

./task.tex:128: Package inputenc Error: Unicode character ÃÜ (U+0306)
(inputenc)                not set up for use with LaTeX.

See the inputenc package documentation for explanation.
Type  H <return>  for immediate help.
 ...                                              
                                                  
l.128 ... –æ–¥–Ω–æ–∏ÃÜ –û–°. –ë—É–¥—É—á–∏ —Ñ–∞–∏ÃÜ
                                                  –ª–æ–≤–æ–∏ÃÜ –ë–î, –æ–Ω–∞ ...

? 

./task.tex:128: Package inputenc Error: Unicode character ÃÜ (U+0306)
(inputenc)                not set up for use with LaTeX.

See the inputenc package documentation for explanation.
Type  H <return>  for immediate help.
 ...                                              
                                                  
l.128 ...Ü –û–°. –ë—É–¥—É—á–∏ —Ñ–∞–∏ÃÜ–ª–æ–≤–æ–∏ÃÜ
                                                   –ë–î, –æ–Ω–∞ –ø—Ä–µ–¥–æ—Å...

? 

./task.tex:128: Package inputenc Error: Unicode character ÃÜ (U+0306)
(inputenc)                not set up for use with LaTeX.

See the inputenc package documentation for explanation.
Type  H <return>  for immediate help.
 ...                                              
                                                  
l.128 ...–µ–¥–æ—Å—Ç–∞–≤–ª—è–µ—Ç –æ—Ç–ª–∏—á–Ω—ã–∏ÃÜ
                                                   –Ω–∞–±–æ—Ä –∏–Ω—Å—Ç—Ä—É–º...

? 

./task.tex:128: Package inputenc Error: Unicode character ÃÜ (U+0306)
(inputenc)                not set up for use with LaTeX.

See the inputenc package documentation for explanation.
Type  H <return>  for immediate help.
 ...                                              
                                                  
l.128 ...—Ç–æ–≤ –¥–ª—è –±–æ–ª–µ–µ –ø—Ä–æ—Å—Ç–æ–∏ÃÜ
                                                   (–≤ —Å—Ä–∞–≤–Ω–µ–Ω–∏–∏ —Å...

? 

./task.tex:133: Package inputenc Error: Unicode character ÃÜ (U+0306)
(inputenc)                not set up for use with LaTeX.

See the inputenc package documentation for explanation.
Type  H <return>  for immediate help.
 ...                                              
                                                  
l.133 	\item {\bf –§–∞–∏ÃÜ
                          –ª–æ–≤–∞—è.} –í—Å—è –ë–î —Ö—Ä–∞–Ω–∏—Ç—Å—è –≤ –æ–¥–...

? 

./task.tex:133: Package inputenc Error: Unicode character ÃÜ (U+0306)
(inputenc)                not set up for use with LaTeX.

See the inputenc package documentation for explanation.
Type  H <return>  for immediate help.
 ...                                              
                                                  
l.133 ...î —Ö—Ä–∞–Ω–∏—Ç—Å—è –≤ –æ–¥–Ω–æ–º —Ñ–∞–∏ÃÜ
                                                  –ª–µ, —á—Ç–æ –æ–±–ª–µ–≥—á–...

? 

./task.tex:135: Package inputenc Error: Unicode character ÃÜ (U+0306)
(inputenc)                not set up for use with LaTeX.

See the inputenc package documentation for explanation.
Type  H <return>  for immediate help.
 ...                                              
                                                  
l.135 ...–µ–≥–∏—è–º–∏, –Ω–æ —É SQLite —Ç–∞–∫–æ–∏ÃÜ
                                                   —Ñ—É–Ω–∫—Ü–∏–∏ –Ω–µ—Ç.
? 

./task.tex:136: Package inputenc Error: Unicode character ÃÜ (U+0306)
(inputenc)                not set up for use with LaTeX.

See the inputenc package documentation for explanation.
Type  H <return>  for immediate help.
 ...                                              
                                                  
l.136 ...–Ω–æ—Å—Ç—å –¥–æ–ø–æ–ª–Ω–∏—Ç–µ–ª—å–Ω–æ–∏ÃÜ
                                                   –Ω–∞—Å—Ç—Ä–æ–∏ÃÜ–∫–∏.} SQ...

? 

./task.tex:136: Package inputenc Error: Unicode character ÃÜ (U+0306)
(inputenc)                not set up for use with LaTeX.

See the inputenc package documentation for explanation.
Type  H <return>  for immediate help.
 ...                                              
                                                  
l.136 ...–æ–ª–Ω–∏—Ç–µ–ª—å–Ω–æ–∏ÃÜ –Ω–∞—Å—Ç—Ä–æ–∏ÃÜ
                                                  –∫–∏.} SQLite –Ω–µ–ª—å–∑—è...

? 

./task.tex:136: Package inputenc Error: Unicode character ÃÜ (U+0306)
(inputenc)                not set up for use with LaTeX.

See the inputenc package documentation for explanation.
Type  H <return>  for immediate help.
 ...                                              
                                                  
l.136 ...–ª–µ–µ –ø—Ä–æ–∏–∑–≤–æ–¥–∏—Ç–µ–ª—å–Ω–æ–∏ÃÜ
                                                  , –ø—É—Ç–µ–º –∏–∑–º–µ–Ω–µ–...

? 

Underfull \hbox (badness 10000) in paragraph at lines 146--147

 []


./task.tex:148: Package inputenc Error: Unicode character ÃÜ (U+0306)
(inputenc)                not set up for use with LaTeX.

See the inputenc package documentation for explanation.
Type  H <return>  for immediate help.
 ...                                              
                                                  
l.148 ...—ã–ª –≤—ã–±—Ä–∞–Ω Flask, –∫–æ—Ç–æ—Ä—ã–∏ÃÜ
                                                   –ø—Ä–µ–¥–æ—Å—Ç–∞–≤–ª—è–µ—...

? 
[7] [8]
Underfull \hbox (badness 10000) in paragraph at lines 176--177

 []


Underfull \hbox (badness 10000) in paragraph at lines 194--195

 []


Underfull \hbox (badness 10000) in paragraph at lines 207--208

 []

[9]
Underfull \hbox (badness 10000) in paragraph at lines 222--223

 []

<images/8.jpg, id=42, 1143.27126pt x 787.94376pt>
File: images/8.jpg Graphic file (type jpg)
<use images/8.jpg>
Package pdftex.def Info: images/8.jpg  used on input line 239.
(pdftex.def)             Requested size: 342.98402pt x 236.38495pt.
[10 <./images/8.jpg>] [11]

./task.tex:270: Package inputenc Error: Unicode character ÃÜ (U+0306)
(inputenc)                not set up for use with LaTeX.

See the inputenc package documentation for explanation.
Type  H <return>  for immediate help.
 ...                                              
                                                  
l.270 ...—Ä—É–∫—Ç—É—Ä—ã –ø–æ—Å—Ç–∞–≤–ª–µ–Ω–Ω–æ–∏ÃÜ
                                                   –∑–∞–¥–∞—á–∏, —Ç—Ä–µ–±—É–...

? 

./task.tex:270: Package inputenc Error: Unicode character ÃÜ (U+0306)
(inputenc)                not set up for use with LaTeX.

See the inputenc package documentation for explanation.
Type  H <return>  for immediate help.
 ...                                              
                                                  
l.270 ...∏–∑–æ–≤–∞—Ç—å –Ω–∞–±–æ—Ä —Ñ—É–Ω–∫—Ü–∏–∏ÃÜ
                                                  , –Ω–µ–æ–±—Ö–æ–¥–∏–º—ã–∏ÃÜ...

? 

./task.tex:270: Package inputenc Error: Unicode character ÃÜ (U+0306)
(inputenc)                not set up for use with LaTeX.

See the inputenc package documentation for explanation.
Type  H <return>  for immediate help.
 ...                                              
                                                  
l.270 ...Ñ—É–Ω–∫—Ü–∏–∏ÃÜ, –Ω–µ–æ–±—Ö–æ–¥–∏–º—ã–∏ÃÜ
                                                   –¥–ª—è —Å–æ–∑–¥–∞–Ω–∏—è w...

? 

./task.tex:270: Package inputenc Error: Unicode character ÃÜ (U+0306)
(inputenc)                not set up for use with LaTeX.

See the inputenc package documentation for explanation.
Type  H <return>  for immediate help.
 ...                                              
                                                  
l.270 ...–∫—Ä–µ—Ç–∏–∑–∏—Ä–æ–≤–∞—Ç—å –ø–æ–ª–Ω—ã–∏ÃÜ
                                                   —Å–ø–∏—Å–æ–∫ –∏–Ω—Å—Ç—Ä—É...

? 

./task.tex:293: Package caption Error: black undefined.

See the caption package documentation for explanation.
Type  H <return>  for immediate help.
 ...                                              
                                                  
l.293 ...on=–ö–ª–∞—Å—Å "–ü–æ–ª—å–∑–æ–≤–∞—Ç–µ–ª–∏"]
                                                  
? 

./task.tex:293: Package caption Error: black undefined.

See the caption package documentation for explanation.
Type  H <return>  for immediate help.
 ...                                              
                                                  
l.293 ...on=–ö–ª–∞—Å—Å "–ü–æ–ª—å–∑–æ–≤–∞—Ç–µ–ª–∏"]
                                                  
? 

Overfull \hbox (6.0pt too wide) in paragraph at lines 293--293
[][][][][][][] 
 []

LaTeX Font Info:    Try loading font information for T2A+cmss on input line 293
.
(/usr/local/texlive/2019/texmf-dist/tex/latex/cyrillic/t2acmss.fd
File: t2acmss.fd 2001/08/11 v1.0a Computer Modern Cyrillic font definitions
) [12]

./task.tex:348: Package caption Error: black undefined.

See the caption package documentation for explanation.
Type  H <return>  for immediate help.
 ...                                              
                                                  
l.348 \end{lstlisting}
                      
? 

./task.tex:348: Package caption Error: black undefined.

See the caption package documentation for explanation.
Type  H <return>  for immediate help.
 ...                                              
                                                  
l.348 \end{lstlisting}
                      
? 

./task.tex:350: Package caption Error: black undefined.

See the caption package documentation for explanation.
Type  H <return>  for immediate help.
 ...                                              
                                                  
l.350 ...me-code, caption=–ö–ª–∞—Å—Å "–ö–Ω–∏–≥–∏"]
                                                  
? 

./task.tex:350: Package caption Error: black undefined.

See the caption package documentation for explanation.
Type  H <return>  for immediate help.
 ...                                              
                                                  
l.350 ...me-code, caption=–ö–ª–∞—Å—Å "–ö–Ω–∏–≥–∏"]
                                                  
? 

Overfull \hbox (6.0pt too wide) in paragraph at lines 350--350
[][][][][][][] 
 []

[13] [14]

./task.tex:434: Package caption Error: black undefined.

See the caption package documentation for explanation.
Type  H <return>  for immediate help.
 ...                                              
                                                  
l.434 \end{lstlisting}
                      
? 

./task.tex:434: Package caption Error: black undefined.

See the caption package documentation for explanation.
Type  H <return>  for immediate help.
 ...                                              
                                                  
l.434 \end{lstlisting}
                      
? 

./task.tex:436: Package caption Error: black undefined.

See the caption package documentation for explanation.
Type  H <return>  for immediate help.
 ...                                              
                                                  
l.436 ...-code, caption=–ö–ª–∞—Å—Å "–°—Ç–∞—Ç—É—Å"]
                                                  
? 

./task.tex:436: Package caption Error: black undefined.

See the caption package documentation for explanation.
Type  H <return>  for immediate help.
 ...                                              
                                                  
l.436 ...-code, caption=–ö–ª–∞—Å—Å "–°—Ç–∞—Ç—É—Å"]
                                                  
? 

Overfull \hbox (6.0pt too wide) in paragraph at lines 436--436
[][][][][][][] 
 []

[15]

./task.tex:469: Package caption Error: black undefined.

See the caption package documentation for explanation.
Type  H <return>  for immediate help.
 ...                                              
                                                  
l.469 \end{lstlisting}
                      
? 

./task.tex:469: Package caption Error: black undefined.

See the caption package documentation for explanation.
Type  H <return>  for immediate help.
 ...                                              
                                                  
l.469 \end{lstlisting}
                      
? 

./task.tex:471: Package caption Error: black undefined.

See the caption package documentation for explanation.
Type  H <return>  for immediate help.
 ...                                              
                                                  
l.471 ...ode, caption=–ö–ª–∞—Å—Å "–õ–æ–∫–∞—Ü–∏—è"]
                                                  
? 

./task.tex:471: Package caption Error: black undefined.

See the caption package documentation for explanation.
Type  H <return>  for immediate help.
 ...                                              
                                                  
l.471 ...ode, caption=–ö–ª–∞—Å—Å "–õ–æ–∫–∞—Ü–∏—è"]
                                                  
? 

Overfull \hbox (6.0pt too wide) in paragraph at lines 471--471
[][][][][][][] 
 []


./task.tex:486: Package caption Error: black undefined.

See the caption package documentation for explanation.
Type  H <return>  for immediate help.
 ...                                              
                                                  
l.486 \end{lstlisting}
                      
? 

./task.tex:486: Package caption Error: black undefined.

See the caption package documentation for explanation.
Type  H <return>  for immediate help.
 ...                                              
                                                  
l.486 \end{lstlisting}
                      
? 

./task.tex:501: Package caption Error: black undefined.

See the caption package documentation for explanation.
Type  H <return>  for immediate help.
 ...                                              
                                                  
l.501 ...–æ—Ä–º–∞ –¥–æ–±–∞–≤–ª–µ–Ω–∏—è –∫–Ω–∏–≥–∏]
                                                  
? 

./task.tex:501: Package caption Error: black undefined.

See the caption package documentation for explanation.
Type  H <return>  for immediate help.
 ...                                              
                                                  
l.501 ...–æ—Ä–º–∞ –¥–æ–±–∞–≤–ª–µ–Ω–∏—è –∫–Ω–∏–≥–∏]
                                                  
? 

Overfull \hbox (6.0pt too wide) in paragraph at lines 501--501
[][][][][][][] 
 []

[16]

./task.tex:517: Package caption Error: black undefined.

See the caption package documentation for explanation.
Type  H <return>  for immediate help.
 ...                                              
                                                  
l.517 \end{lstlisting}
                      
? 

./task.tex:517: Package caption Error: black undefined.

See the caption package documentation for explanation.
Type  H <return>  for immediate help.
 ...                                              
                                                  
l.517 \end{lstlisting}
                      
? 

./task.tex:524: Package inputenc Error: Unicode character ÃÜ (U+0306)
(inputenc)                not set up for use with LaTeX.

See the inputenc package documentation for explanation.
Type  H <return>  for immediate help.
 ...                                              
                                                  
l.524 –ü–æ–ª—å–∑–æ–≤–∞—Ç–µ–ª—å—Å–∫–∏–∏ÃÜ
                                         –∏–Ω—Ç–µ—Ä—Ñ–µ–∏ÃÜ—Å –ø—Ä–∏ —Ä–∞–∑—...

? 

./task.tex:524: Package inputenc Error: Unicode character ÃÜ (U+0306)
(inputenc)                not set up for use with LaTeX.

See the inputenc package documentation for explanation.
Type  H <return>  for immediate help.
 ...                                              
                                                  
l.524 ...–≤–∞—Ç–µ–ª—å—Å–∫–∏–∏ÃÜ –∏–Ω—Ç–µ—Ä—Ñ–µ–∏ÃÜ
                                                  —Å –ø—Ä–∏ —Ä–∞–∑—Ä–∞–±–æ—Ç...

? 

Underfull \hbox (badness 10000) in paragraph at lines 524--525

 []


./task.tex:526: Package inputenc Error: Unicode character ÃÜ (U+0306)
(inputenc)                not set up for use with LaTeX.

See the inputenc package documentation for explanation.
Type  H <return>  for immediate help.
 ...                                              
                                                  
l.526 ...p - —ç—Ç–æ –∏–Ω—Å—Ç—Ä—É–º–µ–Ω—Ç–∞—Ä–∏–∏ÃÜ
                                                   —Å –æ—Ç–∫—Ä—ã—Ç—ã–º –∏—Å—...

? 

./task.tex:526: Package inputenc Error: Unicode character ÃÜ (U+0306)
(inputenc)                not set up for use with LaTeX.

See the inputenc package documentation for explanation.
Type  H <return>  for immediate help.
 ...                                              
                                                  
l.526 ...—Ä–∞–±–æ—Ç–∫–∏ web-–ø—Ä–∏–ª–æ–∂–µ–Ω–∏–∏ÃÜ
                                                   —Å –ø–æ–º–æ—â—å—é HTML, C...

? 

./task.tex:526: Package inputenc Error: Unicode character ÃÜ (U+0306)
(inputenc)                not set up for use with LaTeX.

See the inputenc package documentation for explanation.
Type  H <return>  for immediate help.
 ...                                              
                                                  
l.526 ...ø–æ–Ω–µ–Ω—Ç–æ–≤ –≤–µ–±-–∏–Ω—Ç–µ—Ä—Ñ–µ–∏ÃÜ
                                                  —Å–∞, –≤–∫–ª—é—á–∞—è JavaS...

? 

./task.tex:526: Package inputenc Error: Unicode character ÃÜ (U+0306)
(inputenc)                not set up for use with LaTeX.

See the inputenc package documentation for explanation.
Type  H <return>  for immediate help.
 ...                                              
                                                  
l.526 ...—é –Ω–µ–≥–æ –Ω–∞—Å—Ç—Ä–æ–µ–Ω –¥–∏–∑–∞–∏ÃÜ
                                                  –Ω —Å–∞–∏ÃÜ—Ç–∞.  \cite{3} \\

? 

./task.tex:526: Package inputenc Error: Unicode character ÃÜ (U+0306)
(inputenc)                not set up for use with LaTeX.

See the inputenc package documentation for explanation.
Type  H <return>  for immediate help.
 ...                                              
                                                  
l.526 ... –Ω–∞—Å—Ç—Ä–æ–µ–Ω –¥–∏–∑–∞–∏ÃÜ–Ω —Å–∞–∏ÃÜ
                                                  —Ç–∞.  \cite{3} \\
? 

Underfull \hbox (badness 10000) in paragraph at lines 526--527

 []


./task.tex:528: Package inputenc Error: Unicode character ÃÜ (U+0306)
(inputenc)                not set up for use with LaTeX.

See the inputenc package documentation for explanation.
Type  H <return>  for immediate help.
 ...                                              
                                                  
l.528 ...Ä—É—é—â–∞—è—Å—è –Ω–∞ –≤–∑–∞–∏–º–æ–¥–µ–∏ÃÜ
                                                  —Å—Ç–≤–∏–∏ JavaScript –∏ H...

? 

./task.tex:528: Package inputenc Error: Unicode character Ãà (U+0308)
(inputenc)                not set up for use with LaTeX.

See the inputenc package documentation for explanation.
Type  H <return>  for immediate help.
 ...                                              
                                                  
l.528 ...–∏ÃÜ—Å—Ç–≤–∏–∏ JavaScript –∏ HTML. –ï–µÃà
                                                   —Ñ—É–Ω–∫—Ü–∏–æ–Ω–∞–ª –ø–æ...

? 

./task.tex:528: Package inputenc Error: Unicode character ÃÜ (U+0306)
(inputenc)                not set up for use with LaTeX.

See the inputenc package documentation for explanation.
Type  H <return>  for immediate help.
 ...                                              
                                                  
l.528 ...å –æ–±—Ä–∞–±–æ—Ç—á–∏–∫–∏ —Å–æ–±—ã—Ç–∏–∏ÃÜ
                                                  , –ø–æ–º–æ–≥–∞–µ—Ç –ª–µ–≥–...

? 

./task.tex:528: Package inputenc Error: Unicode character ÃÜ (U+0306)
(inputenc)                not set up for use with LaTeX.

See the inputenc package documentation for explanation.
Type  H <return>  for immediate help.
 ...                                              
                                                  
l.528 ...—Ä–µ–¥–æ—Å—Ç–∞–≤–ª—è–µ—Ç —É–¥–æ–±–Ω—ã–∏ÃÜ
                                                   API –¥–ª—è —Ä–∞–±–æ—Ç—ã —...

? 

./task.tex:528: Package inputenc Error: Unicode character Ãà (U+0308)
(inputenc)                not set up for use with LaTeX.

See the inputenc package documentation for explanation.
Type  H <return>  for immediate help.
 ...                                              
                                                  
l.528 ...X. –†–∞–∑—Ä–∞–±–æ—Ç–∫–∞ jQuery –≤–µ–¥–µÃà
                                                  —Ç—Å—è –∫–æ–º–∞–Ω–¥–æ–∏ÃÜ ...

? 

./task.tex:528: Package inputenc Error: Unicode character ÃÜ (U+0306)
(inputenc)                not set up for use with LaTeX.

See the inputenc package documentation for explanation.
Type  H <return>  for immediate help.
 ...                                              
                                                  
l.528 ...Query –≤–µ–¥–µÃà—Ç—Å—è –∫–æ–º–∞–Ω–¥–æ–∏ÃÜ
                                                   –¥–æ–±—Ä–æ–≤–æ–ª—å—Ü–µ–≤ ...

? 

Underfull \hbox (badness 10000) in paragraph at lines 528--529

 []


./task.tex:530: Package inputenc Error: Unicode character Ãà (U+0308)
(inputenc)                not set up for use with LaTeX.

See the inputenc package documentation for explanation.
Type  H <return>  for immediate help.
 ...                                              
                                                  
l.530 ...Ä—É–∑–∫–∏ —Å—Ç—Ä–∞–Ω–∏—Ü—ã. –ó–∞ —Å—á–µÃà
                                                  —Ç —ç—Ç–æ–≥–æ —É–º–µ–Ω—å—à...

? 

./task.tex:530: Package inputenc Error: Unicode character ÃÜ (U+0306)
(inputenc)                not set up for use with LaTeX.

See the inputenc package documentation for explanation.
Type  H <return>  for immediate help.
 ...                                              
                                                  
l.530 ...–ø–æ–º–∏–Ω–∞–µ—Ç –¥–µ—Å–∫—Ç–æ–ø. –°–µ–∏ÃÜ
                                                  —á–∞—Å –≤ –ø–æ—Ä—è–¥–∫–µ –...

? 

./task.tex:530: Package inputenc Error: Unicode character ÃÜ (U+0306)
(inputenc)                not set up for use with LaTeX.

See the inputenc package documentation for explanation.
Type  H <return>  for immediate help.
 ...                                              
                                                  
l.530 ...–∏ÃÜ—á–∞—Å –≤ –ø–æ—Ä—è–¥–∫–µ –≤–µ—â–µ–∏ÃÜ
                                                  , —á—Ç–æ –º–Ω–æ–≥–∏–µ –≤–µ...

? 

./task.tex:530: Package inputenc Error: Unicode character ÃÜ (U+0306)
(inputenc)                not set up for use with LaTeX.

See the inputenc package documentation for explanation.
Type  H <return>  for immediate help.
 ...                                              
                                                  
l.530 ...á—Ç–æ –º–Ω–æ–≥–∏–µ –≤–µ—â–∏ –Ω–∞ —Å–∞–∏ÃÜ
                                                  —Ç–∞—Ö –æ—Å—É—â–µ—Å—Ç–≤–ª—...

? 

./task.tex:530: Package inputenc Error: Unicode character ÃÜ (U+0306)
(inputenc)                not set up for use with LaTeX.

See the inputenc package documentation for explanation.
Type  H <return>  for immediate help.
 ...                                              
                                                  
l.530 ... —Ç–∞–±–ª–∏—Ü, –¥–∏–Ω–∞–º–∏—á–µ—Å–∫–æ–∏ÃÜ
                                                   –ø—Ä–æ–≤–µ—Ä–∫–∏ –∏ –æ—Ç–...

? 

Underfull \hbox (badness 10000) in paragraph at lines 530--531

 []

[17]

./task.tex:542: Package caption Error: black undefined.

See the caption package documentation for explanation.
Type  H <return>  for immediate help.
 ...                                              
                                                  
l.542 ...me-code, caption=–®–∞–±–ª–æ–Ω login.html]
                                                  
? 

./task.tex:542: Package caption Error: black undefined.

See the caption package documentation for explanation.
Type  H <return>  for immediate help.
 ...                                              
                                                  
l.542 ...me-code, caption=–®–∞–±–ª–æ–Ω login.html]
                                                  
? 

Overfull \hbox (6.0pt too wide) in paragraph at lines 542--542
[][][][][][][] 
 []


./task.tex:557: Package caption Error: black undefined.

See the caption package documentation for explanation.
Type  H <return>  for immediate help.
 ...                                              
                                                  
l.557 \end{lstlisting}
                      
? 

./task.tex:557: Package caption Error: black undefined.

See the caption package documentation for explanation.
Type  H <return>  for immediate help.
 ...                                              
                                                  
l.557 \end{lstlisting}
                      
? 

./task.tex:562: Package caption Error: black undefined.

See the caption package documentation for explanation.
Type  H <return>  for immediate help.
 ...                                              
                                                  
l.562 ...ome-code, caption=–®–∞–±–ª–æ–Ω base.html]
                                                  
? 

./task.tex:562: Package caption Error: black undefined.

See the caption package documentation for explanation.
Type  H <return>  for immediate help.
 ...                                              
                                                  
l.562 ...ome-code, caption=–®–∞–±–ª–æ–Ω base.html]
                                                  
? 

Overfull \hbox (6.0pt too wide) in paragraph at lines 562--562
[][][][][][][] 
 []


./task.tex:577: Package caption Error: black undefined.

See the caption package documentation for explanation.
Type  H <return>  for immediate help.
 ...                                              
                                                  
l.577 \end{lstlisting}
                      
? 

./task.tex:577: Package caption Error: black undefined.

See the caption package documentation for explanation.
Type  H <return>  for immediate help.
 ...                                              
                                                  
l.577 \end{lstlisting}
                      
? 

./task.tex:581: Package caption Error: black undefined.

See the caption package documentation for explanation.
Type  H <return>  for immediate help.
 ...                                              
                                                  
l.581 ...–Ω–∏—è —Å—Ç–∞—Ç—É—Å–∞ –∫–Ω–∏–≥–∏ –≤ –ë–î]
                                                  
? 

./task.tex:581: Package caption Error: black undefined.

See the caption package documentation for explanation.
Type  H <return>  for immediate help.
 ...                                              
                                                  
l.581 ...–Ω–∏—è —Å—Ç–∞—Ç—É—Å–∞ –∫–Ω–∏–≥–∏ –≤ –ë–î]
                                                  
? 

Overfull \hbox (6.0pt too wide) in paragraph at lines 581--581
[][][][][][][] 
 []

[18]

./task.tex:591: Package caption Error: black undefined.

See the caption package documentation for explanation.
Type  H <return>  for immediate help.
 ...                                              
                                                  
l.591 \end{lstlisting}
                      
? 

./task.tex:591: Package caption Error: black undefined.

See the caption package documentation for explanation.
Type  H <return>  for immediate help.
 ...                                              
                                                  
l.591 \end{lstlisting}
                      
? 

./task.tex:609: LaTeX Error: Unknown float option `H'.

See the LaTeX manual or LaTeX Companion for explanation.
Type  H <return>  for immediate help.
 ...                                              
                                                  
l.609 \begin{figure}[H]
                       
? 
<images/3.png, id=74, 975.645pt x 655.44875pt>
File: images/3.png Graphic file (type png)
<use images/3.png>
Package pdftex.def Info: images/3.png  used on input line 610.
(pdftex.def)             Requested size: 390.25108pt x 262.17485pt.

./task.tex:628: LaTeX Error: Unknown float option `H'.

See the LaTeX manual or LaTeX Companion for explanation.
Type  H <return>  for immediate help.
 ...                                              
                                                  
l.628 \begin{figure}[H]
                       
? 
<images/4.png, id=76, 1445.4pt x 791.95876pt>
File: images/4.png Graphic file (type png)
<use images/4.png>
Package pdftex.def Info: images/4.png  used on input line 629.
(pdftex.def)             Requested size: 433.62335pt x 237.58946pt.

./task.tex:636: LaTeX Error: Unknown float option `H'.

See the LaTeX manual or LaTeX Companion for explanation.
Type  H <return>  for immediate help.
 ...                                              
                                                  
l.636 \begin{figure}[H]
                       
? 
<images/5.png, id=77, 1445.4pt x 791.95876pt>
File: images/5.png Graphic file (type png)
<use images/5.png>
Package pdftex.def Info: images/5.png  used on input line 637.
(pdftex.def)             Requested size: 433.62335pt x 237.58946pt.

./task.tex:644: LaTeX Error: Unknown float option `H'.

See the LaTeX manual or LaTeX Companion for explanation.
Type  H <return>  for immediate help.
 ...                                              
                                                  
l.644 \begin{figure}[H]
                       
? 
<images/6.png, id=78, 1445.4pt x 790.955pt>
File: images/6.png Graphic file (type png)
<use images/6.png>
Package pdftex.def Info: images/6.png  used on input line 645.
(pdftex.def)             Requested size: 433.62335pt x 237.28833pt.

./task.tex:652: LaTeX Error: Unknown float option `H'.

See the LaTeX manual or LaTeX Companion for explanation.
Type  H <return>  for immediate help.
 ...                                              
                                                  
l.652 \begin{figure}[H]
                       
? 
<images/7.png, id=79, 1445.4pt x 788.9475pt>
File: images/7.png Graphic file (type png)
<use images/7.png>
Package pdftex.def Info: images/7.png  used on input line 653.
(pdftex.def)             Requested size: 433.62335pt x 236.68607pt.
[19] [20 <./images/3.png> <./images/4.png>] [21 <./images/5.png> <./images/6.pn
g>]) [22] [23 <./images/7.png>]
\openout2 = `biblio.aux'.

 (./biblio.tex

./biblio.tex:11: Package inputenc Error: Unicode character ÃÜ (U+0306)
(inputenc)                not set up for use with LaTeX.

See the inputenc package documentation for explanation.
Type  H <return>  for immediate help.
 ...                                              
                                                  
l.11 \bibitem{1} –°–∞–∏ÃÜ
                         —Ç —Ä–∞–∑—Ä–∞–±–æ—Ç—á–∏–∫–∞ –±–∞–∑—ã –¥–∞–Ω–Ω—ã—Ö S...

? 

Underfull \hbox (badness 10000) in paragraph at lines 11--12
[]\T2A/cmr/m/n/12 —‡ËÚ ‡Á-‡-·ÓÚ-˜Ë-Í‡ ·‡-Á˚ ‰‡Ì-Ì˚ı Sqlite [›ÎÂÍ-ÚÓÌ-Ì˚È Â-
ÒÛÒ] URL:
 []


./biblio.tex:13: Package inputenc Error: Unicode character ÃÜ (U+0306)
(inputenc)                not set up for use with LaTeX.

See the inputenc package documentation for explanation.
Type  H <return>  for immediate help.
 ...                                              
                                                  
l.13 \bibitem{2} –°–∞–∏ÃÜ
                         —Ç —Ä–∞–∑—Ä–∞–±–æ—Ç—á–∏–∫–∞ SQLAlchemy [–≠–ª–µ–∫—Ç—...

? 

Underfull \hbox (badness 10000) in paragraph at lines 13--14
[]\T2A/cmr/m/n/12 —‡ËÚ ‡Á-‡-·ÓÚ-˜Ë-Í‡ SQLAlchemy [›ÎÂÍ-ÚÓÌ-Ì˚È Â-ÒÛÒ] URL:

 []


Underfull \hbox (badness 2150) in paragraph at lines 15--16
[]\T2A/cmr/m/n/12 Bootstrap [›ÎÂÍ-ÚÓÌ-Ì˚È Â-ÒÛÒ] URL: $[]$ (ƒ‡-Ú‡ Ó·-‡-˘Â-Ì
ˇ:
 []

) [24


] (./main1.aux (./cover.aux) (./intro.aux) (./task.aux) (./biblio.aux))

LaTeX Warning: There were multiply-defined labels.

 ) 
Here is how much of TeX's memory you used:
 27058 strings out of 492616
 649265 string characters out of 6129482
 1143841 words of memory out of 5000000
 30481 multiletter control sequences out of 15000+600000
 17997 words of font info for 42 fonts, out of 8000000 for 9000
 1141 hyphenation exceptions out of 8191
 62i,7n,96p,1018b,935s stack positions out of 5000i,500n,10000p,200000b,80000s
{/usr/local/texlive/2019/texmf-dist/fonts/enc/dvips/cm-super/cm-super-t2a.enc
}</usr/local/texlive/2019/texmf-dist/fonts/type1/public/amsfonts/cm/cmsy10.pfb>
</usr/local/texlive/2019/texmf-dist/fonts/type1/public/cm-super/sfbx1200.pfb></
usr/local/texlive/2019/texmf-dist/fonts/type1/public/cm-super/sfbx1440.pfb></us
r/local/texlive/2019/texmf-dist/fonts/type1/public/cm-super/sfbx1728.pfb></usr/
local/texlive/2019/texmf-dist/fonts/type1/public/cm-super/sfrm0600.pfb></usr/lo
cal/texlive/2019/texmf-dist/fonts/type1/public/cm-super/sfrm0800.pfb></usr/loca
l/texlive/2019/texmf-dist/fonts/type1/public/cm-super/sfrm1200.pfb></usr/local/
texlive/2019/texmf-dist/fonts/type1/public/cm-super/sfss1095.pfb></usr/local/te
xlive/2019/texmf-dist/fonts/type1/public/cm-super/sfsx1095.pfb>
Output written on main1.pdf (24 pages, 2080660 bytes).
PDF statistics:
 135 PDF objects out of 1000 (max. 8388607)
 86 compressed objects within 1 object stream
 0 named destinations out of 1000 (max. 500000)
 53 words of extra memory for PDF output out of 10000 (max. 10000000)

