21.11.2018 2:56:32	Этот журнал содержит сведения об операции импорта схемы в проект "Database1" на компьютере "DESKTOP-4B5E6BP", выполненной пользователем "mhita".
21.11.2018 2:56:32	Импорт схемы базы данных начат.
21.11.2018 2:56:44	Идет сбор учетных данных для базы данных
21.11.2018 2:56:44	Идет сбор параметров базы данных
21.11.2018 2:56:44	Собирается параметр конфигурации области универсальной базы данных
21.11.2018 2:56:44	Идет сбор пользователей
21.11.2018 2:56:44	Идет сбор ролей
21.11.2018 2:56:44	Идет сбор ролей приложений
21.11.2018 2:56:44	Идет сбор членств ролей
21.11.2018 2:56:44	Идет сбор файловых групп
21.11.2018 2:56:44	Идет сбор полнотекстовых каталогов
21.11.2018 2:56:44	Идет сбор сборок
21.11.2018 2:56:44	Идет сбор сертификатов
21.11.2018 2:56:44	Идет сбор асимметричных ключей
21.11.2018 2:56:44	Идет сбор симметричных ключей
21.11.2018 2:56:44	Идет сбор зашифрованных симметричных ключей
21.11.2018 2:56:44	Идет сбор схем
21.11.2018 2:56:44	Идет сбор коллекции схем XML
21.11.2018 2:56:44	Идет сбор определяемых пользователем типов данных
21.11.2018 2:56:44	Идет сбор определяемых пользователем типов
21.11.2018 2:56:44	Идет сбор табличных типов
21.11.2018 2:56:44	Сбор уникальных ключей для табличных типов
21.11.2018 2:56:44	Идет сбор первичных ключей для табличных типов
21.11.2018 2:56:44	Сбор индексов для табличных типов
21.11.2018 2:56:44	Идет сбор проверочных ограничений для табличных типов
21.11.2018 2:56:44	Идет сбор ограничений по умолчанию для табличных типов
21.11.2018 2:56:44	Идет сбор функций секционирования
21.11.2018 2:56:44	Идет сбор схем секционирования
21.11.2018 2:56:44	Идет сбор функций
21.11.2018 2:56:44	Сбор зашифрованных функций
21.11.2018 2:56:44	Идет сбор статистических выражений
21.11.2018 2:56:44	Идет сбор процедур
21.11.2018 2:56:44	Сбор зашифрованных процедур
21.11.2018 2:56:44	Идет сбор таблиц
21.11.2018 2:56:44	Идет сбор первичных ключей
21.11.2018 2:56:45	Идет сбор ограничений уникальности
21.11.2018 2:56:45	Идет сбор внешних ключей
21.11.2018 2:56:45	Идет сбор ограничений по умолчанию
21.11.2018 2:56:45	Идет сбор проверочных ограничений
21.11.2018 2:56:45	Идет сбор представлений
21.11.2018 2:56:45	Сбор зашифрованных представлений
21.11.2018 2:56:45	Идет сбор индексов
21.11.2018 2:56:45	Идет сбор статистики
21.11.2018 2:56:45	Идет сбор списков стоп-слов полнотекстовых индексов
21.11.2018 2:56:45	Сбор списков свойств поиска
21.11.2018 2:56:45	Сбор свойств поиска
21.11.2018 2:56:45	Идет сбор полнотекстовых индексов
21.11.2018 2:56:45	Сбор индексов хранилища столбцов
21.11.2018 2:56:45	Идет сбор пространственных индексов
21.11.2018 2:56:45	Идет сбор XML-индексов
21.11.2018 2:56:45	Сбор селективных XML-индексов
21.11.2018 2:56:46	Сбор зашифрованных триггеров
21.11.2018 2:56:46	Идет сбор триггеров
21.11.2018 2:56:46	Идет сбор зашифрованных триггеров и триггеров ddl clr
21.11.2018 2:56:46	Идет сбор триггеров ddl
21.11.2018 2:56:46	Идет сбор синонимов
21.11.2018 2:56:46	Идет сбор значений по умолчанию
21.11.2018 2:56:46	Идет сбор привязок uddt ограничений данных
21.11.2018 2:56:46	Идет сбор правил
21.11.2018 2:56:46	Идет сбор привязок uddt ограничений данных
21.11.2018 2:56:46	Идет сбор типов сообщений
21.11.2018 2:56:46	Идет сбор списков ожидания
21.11.2018 2:56:46	Идет сбор контрактов
21.11.2018 2:56:46	Идет сбор служб
21.11.2018 2:56:46	Идет сбор уведомлений о событиях
21.11.2018 2:56:46	Идет сбор привязок удаленных служб
21.11.2018 2:56:46	Идет сбор приоритетов брокера
21.11.2018 2:56:46	Идет сбор подписей
21.11.2018 2:56:46	Идет сбор параметров сжатия данных
21.11.2018 2:56:46	Сбор типов последовательностей
21.11.2018 2:56:46	Идет сбор политик безопасности
21.11.2018 2:56:46	Сбор ключей шифрования столбцов
21.11.2018 2:56:46	Сбор главных ключей столбцов
21.11.2018 2:56:46	Выполняется сбор внешних источников данных
21.11.2018 2:56:46	Выполняется сбор внешних форматов файлов
21.11.2018 2:56:46	Выполняется сбор внешних таблиц
21.11.2018 2:56:46	Идет сбор расширенных свойств
21.11.2018 2:56:46	Идет сбор учетных данных
21.11.2018 2:56:46	Идет сбор имен входа
21.11.2018 2:56:46	Идет сбор аудитов сервера
21.11.2018 2:56:47	Выполняется проверка проекта на наличие повторяющихся элементов
21.11.2018 2:56:47	Обработка повторяющегося элемента завершена
21.11.2018 2:56:48	Импорт базы данных завершен.
21.11.2018 2:56:48	summary операции импорта была сохранена по следующему пути: c:\users\mhita\source\repos\Database1\Database1\Журналы импорта схем\Database1_20181120115632.log
21.11.2018 2:56:48	Для продолжения нажмите кнопку ''Готово''...
